2025-03-22T21:59:21.513+03:30  WARN 10948 --- [benjfa-oauth-service] [restartedMain]   o.h.engine.jdbc.spi.SqlExceptionHelper   : SQL Error: 0, SQLState: 3D000
2025-03-22T21:59:21.517+03:30 ERROR 10948 --- [benjfa-oauth-service] [restartedMain]   o.h.engine.jdbc.spi.SqlExceptionHelper   : FATAL: database "benjifa_oauth_db" does not exist
2025-03-22T21:59:21.518+03:30  WARN 10948 --- [benjfa-oauth-service] [restartedMain]   o.h.e.j.e.i.JdbcEnvironmentInitiator     : HHH000342: Could not obtain connection to query metadata

org.hibernate.exception.GenericJDBCException: unable to obtain isolated JDBC connection [FATAL: database "benjifa_oauth_db" does not exist] [n/a]
	at org.hibernate.exception.internal.StandardSQLExceptionConverter.convert(StandardSQLExceptionConverter.java:63) ~[hibernate-core-6.6.8.Final.jar:6.6.8.Final]
	at org.hibernate.engine.jdbc.spi.SqlExceptionHelper.convert(SqlExceptionHelper.java:108) ~[hibernate-core-6.6.8.Final.jar:6.6.8.Final]
	at org.hibernate.engine.jdbc.spi.SqlExceptionHelper.convert(SqlExceptionHelper.java:94) ~[hibernate-core-6.6.8.Final.jar:6.6.8.Final]
	at org.hibernate.resource.transaction.backend.jdbc.internal.JdbcIsolationDelegate.delegateWork(JdbcIsolationDelegate.java:116) ~[hibernate-core-6.6.8.Final.jar:6.6.8.Final]
	at org.hibernate.engine.jdbc.env.internal.JdbcEnvironmentInitiator.getJdbcEnvironmentUsingJdbcMetadata(JdbcEnvironmentInitiator.java:320) ~[hibernate-core-6.6.8.Final.jar:6.6.8.Final]
	at org.hibernate.engine.jdbc.env.internal.JdbcEnvironmentInitiator.initiateService(JdbcEnvironmentInitiator.java:129) ~[hibernate-core-6.6.8.Final.jar:6.6.8.Final]
	at org.hibernate.engine.jdbc.env.internal.JdbcEnvironmentInitiator.initiateService(JdbcEnvironmentInitiator.java:81) ~[hibernate-core-6.6.8.Final.jar:6.6.8.Final]
	at org.hibernate.boot.registry.internal.StandardServiceRegistryImpl.initiateService(StandardServiceRegistryImpl.java:130) ~[hibernate-core-6.6.8.Final.jar:6.6.8.Final]
	at org.hibernate.service.internal.AbstractServiceRegistryImpl.createService(AbstractServiceRegistryImpl.java:263) ~[hibernate-core-6.6.8.Final.jar:6.6.8.Final]
	at org.hibernate.service.internal.AbstractServiceRegistryImpl.initializeService(AbstractServiceRegistryImpl.java:238) ~[hibernate-core-6.6.8.Final.jar:6.6.8.Final]
	at org.hibernate.service.internal.AbstractServiceRegistryImpl.getService(AbstractServiceRegistryImpl.java:215) ~[hibernate-core-6.6.8.Final.jar:6.6.8.Final]
	at org.hibernate.boot.model.relational.Database.<init>(Database.java:45) ~[hibernate-core-6.6.8.Final.jar:6.6.8.Final]
	at org.hibernate.boot.internal.InFlightMetadataCollectorImpl.getDatabase(InFlightMetadataCollectorImpl.java:226) ~[hibernate-core-6.6.8.Final.jar:6.6.8.Final]
	at org.hibernate.boot.internal.InFlightMetadataCollectorImpl.<init>(InFlightMetadataCollectorImpl.java:194) ~[hibernate-core-6.6.8.Final.jar:6.6.8.Final]
	at org.hibernate.boot.model.process.spi.MetadataBuildingProcess.complete(MetadataBuildingProcess.java:171) ~[hibernate-core-6.6.8.Final.jar:6.6.8.Final]
	at org.hibernate.jpa.boot.internal.EntityManagerFactoryBuilderImpl.metadata(EntityManagerFactoryBuilderImpl.java:1442) ~[hibernate-core-6.6.8.Final.jar:6.6.8.Final]
	at org.hibernate.jpa.boot.internal.EntityManagerFactoryBuilderImpl.build(EntityManagerFactoryBuilderImpl.java:1513) ~[hibernate-core-6.6.8.Final.jar:6.6.8.Final]
	at org.springframework.orm.jpa.vendor.SpringHibernateJpaPersistenceProvider.createContainerEntityManagerFactory(SpringHibernateJpaPersistenceProvider.java:66) ~[spring-orm-6.2.3.jar:6.2.3]
	at org.springframework.orm.jpa.LocalContainerEntityManagerFactoryBean.createNativeEntityManagerFactory(LocalContainerEntityManagerFactoryBean.java:390) ~[spring-orm-6.2.3.jar:6.2.3]
	at org.springframework.orm.jpa.AbstractEntityManagerFactoryBean.buildNativeEntityManagerFactory(AbstractEntityManagerFactoryBean.java:419) ~[spring-orm-6.2.3.jar:6.2.3]
	at org.springframework.orm.jpa.AbstractEntityManagerFactoryBean.afterPropertiesSet(AbstractEntityManagerFactoryBean.java:400) ~[spring-orm-6.2.3.jar:6.2.3]
	at org.springframework.orm.jpa.LocalContainerEntityManagerFactoryBean.afterPropertiesSet(LocalContainerEntityManagerFactoryBean.java:366) ~[spring-orm-6.2.3.jar:6.2.3]
	at org.springframework.beans.factory.support.AbstractAutowireCapableBeanFactory.invokeInitMethods(AbstractAutowireCapableBeanFactory.java:1859) ~[spring-beans-6.2.3.jar:6.2.3]
	at org.springframework.beans.factory.support.AbstractAutowireCapableBeanFactory.initializeBean(AbstractAutowireCapableBeanFactory.java:1808) ~[spring-beans-6.2.3.jar:6.2.3]
	at org.springframework.beans.factory.support.AbstractAutowireCapableBeanFactory.doCreateBean(AbstractAutowireCapableBeanFactory.java:601) ~[spring-beans-6.2.3.jar:6.2.3]
	at org.springframework.beans.factory.support.AbstractAutowireCapableBeanFactory.createBean(AbstractAutowireCapableBeanFactory.java:523) ~[spring-beans-6.2.3.jar:6.2.3]
	at org.springframework.beans.factory.support.AbstractBeanFactory.lambda$doGetBean$0(AbstractBeanFactory.java:339) ~[spring-beans-6.2.3.jar:6.2.3]
	at org.springframework.beans.factory.support.DefaultSingletonBeanRegistry.getSingleton(DefaultSingletonBeanRegistry.java:346) ~[spring-beans-6.2.3.jar:6.2.3]
	at org.springframework.beans.factory.support.AbstractBeanFactory.doGetBean(AbstractBeanFactory.java:337) ~[spring-beans-6.2.3.jar:6.2.3]
	at org.springframework.beans.factory.support.AbstractBeanFactory.getBean(AbstractBeanFactory.java:202) ~[spring-beans-6.2.3.jar:6.2.3]
	at org.springframework.beans.factory.support.BeanDefinitionValueResolver.resolveReference(BeanDefinitionValueResolver.java:365) ~[spring-beans-6.2.3.jar:6.2.3]
	at org.springframework.beans.factory.support.BeanDefinitionValueResolver.resolveValueIfNecessary(BeanDefinitionValueResolver.java:135) ~[spring-beans-6.2.3.jar:6.2.3]
	at org.springframework.beans.factory.support.ConstructorResolver.resolveConstructorArguments(ConstructorResolver.java:691) ~[spring-beans-6.2.3.jar:6.2.3]
	at org.springframework.beans.factory.support.ConstructorResolver.instantiateUsingFactoryMethod(ConstructorResolver.java:513) ~[spring-beans-6.2.3.jar:6.2.3]
	at org.springframework.beans.factory.support.AbstractAutowireCapableBeanFactory.instantiateUsingFactoryMethod(AbstractAutowireCapableBeanFactory.java:1361) ~[spring-beans-6.2.3.jar:6.2.3]
	at org.springframework.beans.factory.support.AbstractAutowireCapableBeanFactory.createBeanInstance(AbstractAutowireCapableBeanFactory.java:1191) ~[spring-beans-6.2.3.jar:6.2.3]
	at org.springframework.beans.factory.support.AbstractAutowireCapableBeanFactory.doCreateBean(AbstractAutowireCapableBeanFactory.java:563) ~[spring-beans-6.2.3.jar:6.2.3]
	at org.springframework.beans.factory.support.AbstractAutowireCapableBeanFactory.createBean(AbstractAutowireCapableBeanFactory.java:523) ~[spring-beans-6.2.3.jar:6.2.3]
	at org.springframework.beans.factory.support.AbstractBeanFactory.lambda$doGetBean$0(AbstractBeanFactory.java:339) ~[spring-beans-6.2.3.jar:6.2.3]
	at org.springframework.beans.factory.support.DefaultSingletonBeanRegistry.getSingleton(DefaultSingletonBeanRegistry.java:346) ~[spring-beans-6.2.3.jar:6.2.3]
	at org.springframework.beans.factory.support.AbstractBeanFactory.doGetBean(AbstractBeanFactory.java:337) ~[spring-beans-6.2.3.jar:6.2.3]
	at org.springframework.beans.factory.support.AbstractBeanFactory.getBean(AbstractBeanFactory.java:202) ~[spring-beans-6.2.3.jar:6.2.3]
	at org.springframework.beans.factory.support.BeanDefinitionValueResolver.resolveReference(BeanDefinitionValueResolver.java:365) ~[spring-beans-6.2.3.jar:6.2.3]
	at org.springframework.beans.factory.support.BeanDefinitionValueResolver.resolveValueIfNecessary(BeanDefinitionValueResolver.java:135) ~[spring-beans-6.2.3.jar:6.2.3]
	at org.springframework.beans.factory.support.AbstractAutowireCapableBeanFactory.applyPropertyValues(AbstractAutowireCapableBeanFactory.java:1711) ~[spring-beans-6.2.3.jar:6.2.3]
	at org.springframework.beans.factory.support.AbstractAutowireCapableBeanFactory.populateBean(AbstractAutowireCapableBeanFactory.java:1460) ~[spring-beans-6.2.3.jar:6.2.3]
	at org.springframework.beans.factory.support.AbstractAutowireCapableBeanFactory.doCreateBean(AbstractAutowireCapableBeanFactory.java:600) ~[spring-beans-6.2.3.jar:6.2.3]
	at org.springframework.beans.factory.support.AbstractAutowireCapableBeanFactory.createBean(AbstractAutowireCapableBeanFactory.java:523) ~[spring-beans-6.2.3.jar:6.2.3]
	at org.springframework.beans.factory.support.AbstractBeanFactory.lambda$doGetBean$0(AbstractBeanFactory.java:339) ~[spring-beans-6.2.3.jar:6.2.3]
	at org.springframework.beans.factory.support.DefaultSingletonBeanRegistry.getSingleton(DefaultSingletonBeanRegistry.java:346) ~[spring-beans-6.2.3.jar:6.2.3]
	at org.springframework.beans.factory.support.AbstractBeanFactory.doGetBean(AbstractBeanFactory.java:337) ~[spring-beans-6.2.3.jar:6.2.3]
	at org.springframework.beans.factory.support.AbstractBeanFactory.getBean(AbstractBeanFactory.java:202) ~[spring-beans-6.2.3.jar:6.2.3]
	at org.springframework.beans.factory.support.DefaultListableBeanFactory.doResolveDependency(DefaultListableBeanFactory.java:1606) ~[spring-beans-6.2.3.jar:6.2.3]
	at org.springframework.beans.factory.support.DefaultListableBeanFactory.resolveDependency(DefaultListableBeanFactory.java:1552) ~[spring-beans-6.2.3.jar:6.2.3]
	at org.springframework.beans.factory.support.ConstructorResolver.resolveAutowiredArgument(ConstructorResolver.java:913) ~[spring-beans-6.2.3.jar:6.2.3]
	at org.springframework.beans.factory.support.ConstructorResolver.createArgumentArray(ConstructorResolver.java:791) ~[spring-beans-6.2.3.jar:6.2.3]
	at org.springframework.beans.factory.support.ConstructorResolver.autowireConstructor(ConstructorResolver.java:240) ~[spring-beans-6.2.3.jar:6.2.3]
	at org.springframework.beans.factory.support.AbstractAutowireCapableBeanFactory.autowireConstructor(AbstractAutowireCapableBeanFactory.java:1381) ~[spring-beans-6.2.3.jar:6.2.3]
	at org.springframework.beans.factory.support.AbstractAutowireCapableBeanFactory.createBeanInstance(AbstractAutowireCapableBeanFactory.java:1218) ~[spring-beans-6.2.3.jar:6.2.3]
	at org.springframework.beans.factory.support.AbstractAutowireCapableBeanFactory.doCreateBean(AbstractAutowireCapableBeanFactory.java:563) ~[spring-beans-6.2.3.jar:6.2.3]
	at org.springframework.beans.factory.support.AbstractAutowireCapableBeanFactory.createBean(AbstractAutowireCapableBeanFactory.java:523) ~[spring-beans-6.2.3.jar:6.2.3]
	at org.springframework.beans.factory.support.AbstractBeanFactory.lambda$doGetBean$0(AbstractBeanFactory.java:339) ~[spring-beans-6.2.3.jar:6.2.3]
	at org.springframework.beans.factory.support.DefaultSingletonBeanRegistry.getSingleton(DefaultSingletonBeanRegistry.java:346) ~[spring-beans-6.2.3.jar:6.2.3]
	at org.springframework.beans.factory.support.AbstractBeanFactory.doGetBean(AbstractBeanFactory.java:337) ~[spring-beans-6.2.3.jar:6.2.3]
	at org.springframework.beans.factory.support.AbstractBeanFactory.getBean(AbstractBeanFactory.java:202) ~[spring-beans-6.2.3.jar:6.2.3]
	at org.springframework.beans.factory.config.DependencyDescriptor.resolveCandidate(DependencyDescriptor.java:254) ~[spring-beans-6.2.3.jar:6.2.3]
	at org.springframework.beans.factory.support.DefaultListableBeanFactory.doResolveDependency(DefaultListableBeanFactory.java:1664) ~[spring-beans-6.2.3.jar:6.2.3]
	at org.springframework.beans.factory.support.DefaultListableBeanFactory.resolveDependency(DefaultListableBeanFactory.java:1552) ~[spring-beans-6.2.3.jar:6.2.3]
	at org.springframework.beans.factory.support.ConstructorResolver.resolveAutowiredArgument(ConstructorResolver.java:913) ~[spring-beans-6.2.3.jar:6.2.3]
	at org.springframework.beans.factory.support.ConstructorResolver.createArgumentArray(ConstructorResolver.java:791) ~[spring-beans-6.2.3.jar:6.2.3]
	at org.springframework.beans.factory.support.ConstructorResolver.autowireConstructor(ConstructorResolver.java:240) ~[spring-beans-6.2.3.jar:6.2.3]
	at org.springframework.beans.factory.support.AbstractAutowireCapableBeanFactory.autowireConstructor(AbstractAutowireCapableBeanFactory.java:1381) ~[spring-beans-6.2.3.jar:6.2.3]
	at org.springframework.beans.factory.support.AbstractAutowireCapableBeanFactory.createBeanInstance(AbstractAutowireCapableBeanFactory.java:1218) ~[spring-beans-6.2.3.jar:6.2.3]
	at org.springframework.beans.factory.support.AbstractAutowireCapableBeanFactory.doCreateBean(AbstractAutowireCapableBeanFactory.java:563) ~[spring-beans-6.2.3.jar:6.2.3]
	at org.springframework.beans.factory.support.AbstractAutowireCapableBeanFactory.createBean(AbstractAutowireCapableBeanFactory.java:523) ~[spring-beans-6.2.3.jar:6.2.3]
	at org.springframework.beans.factory.support.AbstractBeanFactory.lambda$doGetBean$0(AbstractBeanFactory.java:339) ~[spring-beans-6.2.3.jar:6.2.3]
	at org.springframework.beans.factory.support.DefaultSingletonBeanRegistry.getSingleton(DefaultSingletonBeanRegistry.java:346) ~[spring-beans-6.2.3.jar:6.2.3]
	at org.springframework.beans.factory.support.AbstractBeanFactory.doGetBean(AbstractBeanFactory.java:337) ~[spring-beans-6.2.3.jar:6.2.3]
	at org.springframework.beans.factory.support.AbstractBeanFactory.getBean(AbstractBeanFactory.java:207) ~[spring-beans-6.2.3.jar:6.2.3]
	at org.springframework.boot.web.servlet.ServletContextInitializerBeans.getOrderedBeansOfType(ServletContextInitializerBeans.java:211) ~[spring-boot-3.4.3.jar:3.4.3]
	at org.springframework.boot.web.servlet.ServletContextInitializerBeans.addAsRegistrationBean(ServletContextInitializerBeans.java:174) ~[spring-boot-3.4.3.jar:3.4.3]
	at org.springframework.boot.web.servlet.ServletContextInitializerBeans.addAsRegistrationBean(ServletContextInitializerBeans.java:169) ~[spring-boot-3.4.3.jar:3.4.3]
	at org.springframework.boot.web.servlet.ServletContextInitializerBeans.addAdaptableBeans(ServletContextInitializerBeans.java:154) ~[spring-boot-3.4.3.jar:3.4.3]
	at org.springframework.boot.web.servlet.ServletContextInitializerBeans.<init>(ServletContextInitializerBeans.java:87) ~[spring-boot-3.4.3.jar:3.4.3]
	at org.springframework.boot.web.servlet.context.ServletWebServerApplicationContext.getServletContextInitializerBeans(ServletWebServerApplicationContext.java:271) ~[spring-boot-3.4.3.jar:3.4.3]
	at org.springframework.boot.web.servlet.context.ServletWebServerApplicationContext.selfInitialize(ServletWebServerApplicationContext.java:245) ~[spring-boot-3.4.3.jar:3.4.3]
	at org.springframework.boot.web.embedded.tomcat.TomcatStarter.onStartup(TomcatStarter.java:52) ~[spring-boot-3.4.3.jar:3.4.3]
	at org.apache.catalina.core.StandardContext.startInternal(StandardContext.java:4467) ~[tomcat-embed-core-10.1.36.jar:10.1.36]
	at org.apache.catalina.util.LifecycleBase.start(LifecycleBase.java:164) ~[tomcat-embed-core-10.1.36.jar:10.1.36]
	at org.apache.catalina.core.ContainerBase$StartChild.call(ContainerBase.java:1203) ~[tomcat-embed-core-10.1.36.jar:10.1.36]
	at org.apache.catalina.core.ContainerBase$StartChild.call(ContainerBase.java:1193) ~[tomcat-embed-core-10.1.36.jar:10.1.36]
	at java.base/java.util.concurrent.FutureTask.run(FutureTask.java:317) ~[na:na]
	at org.apache.tomcat.util.threads.InlineExecutorService.execute(InlineExecutorService.java:75) ~[tomcat-embed-core-10.1.36.jar:10.1.36]
	at java.base/java.util.concurrent.AbstractExecutorService.submit(AbstractExecutorService.java:145) ~[na:na]
	at org.apache.catalina.core.ContainerBase.startInternal(ContainerBase.java:749) ~[tomcat-embed-core-10.1.36.jar:10.1.36]
	at org.apache.catalina.core.StandardHost.startInternal(StandardHost.java:772) ~[tomcat-embed-core-10.1.36.jar:10.1.36]
	at org.apache.catalina.util.LifecycleBase.start(LifecycleBase.java:164) ~[tomcat-embed-core-10.1.36.jar:10.1.36]
	at org.apache.catalina.core.ContainerBase$StartChild.call(ContainerBase.java:1203) ~[tomcat-embed-core-10.1.36.jar:10.1.36]
	at org.apache.catalina.core.ContainerBase$StartChild.call(ContainerBase.java:1193) ~[tomcat-embed-core-10.1.36.jar:10.1.36]
	at java.base/java.util.concurrent.FutureTask.run(FutureTask.java:317) ~[na:na]
	at org.apache.tomcat.util.threads.InlineExecutorService.execute(InlineExecutorService.java:75) ~[tomcat-embed-core-10.1.36.jar:10.1.36]
	at java.base/java.util.concurrent.AbstractExecutorService.submit(AbstractExecutorService.java:145) ~[na:na]
	at org.apache.catalina.core.ContainerBase.startInternal(ContainerBase.java:749) ~[tomcat-embed-core-10.1.36.jar:10.1.36]
	at org.apache.catalina.core.StandardEngine.startInternal(StandardEngine.java:203) ~[tomcat-embed-core-10.1.36.jar:10.1.36]
	at org.apache.catalina.util.LifecycleBase.start(LifecycleBase.java:164) ~[tomcat-embed-core-10.1.36.jar:10.1.36]
	at org.apache.catalina.core.StandardService.startInternal(StandardService.java:415) ~[tomcat-embed-core-10.1.36.jar:10.1.36]
	at org.apache.catalina.util.LifecycleBase.start(LifecycleBase.java:164) ~[tomcat-embed-core-10.1.36.jar:10.1.36]
	at org.apache.catalina.core.StandardServer.startInternal(StandardServer.java:870) ~[tomcat-embed-core-10.1.36.jar:10.1.36]
	at org.apache.catalina.util.LifecycleBase.start(LifecycleBase.java:164) ~[tomcat-embed-core-10.1.36.jar:10.1.36]
	at org.apache.catalina.startup.Tomcat.start(Tomcat.java:437) ~[tomcat-embed-core-10.1.36.jar:10.1.36]
	at org.springframework.boot.web.embedded.tomcat.TomcatWebServer.initialize(TomcatWebServer.java:128) ~[spring-boot-3.4.3.jar:3.4.3]
	at org.springframework.boot.web.embedded.tomcat.TomcatWebServer.<init>(TomcatWebServer.java:107) ~[spring-boot-3.4.3.jar:3.4.3]
	at org.springframework.boot.web.embedded.tomcat.TomcatServletWebServerFactory.getTomcatWebServer(TomcatServletWebServerFactory.java:520) ~[spring-boot-3.4.3.jar:3.4.3]
	at org.springframework.boot.web.embedded.tomcat.TomcatServletWebServerFactory.getWebServer(TomcatServletWebServerFactory.java:222) ~[spring-boot-3.4.3.jar:3.4.3]
	at org.springframework.boot.web.servlet.context.ServletWebServerApplicationContext.createWebServer(ServletWebServerApplicationContext.java:193) ~[spring-boot-3.4.3.jar:3.4.3]
	at org.springframework.boot.web.servlet.context.ServletWebServerApplicationContext.onRefresh(ServletWebServerApplicationContext.java:167) ~[spring-boot-3.4.3.jar:3.4.3]
	at org.springframework.context.support.AbstractApplicationContext.refresh(AbstractApplicationContext.java:621) ~[spring-context-6.2.3.jar:6.2.3]
	at org.springframework.boot.web.servlet.context.ServletWebServerApplicationContext.refresh(ServletWebServerApplicationContext.java:146) ~[spring-boot-3.4.3.jar:3.4.3]
	at org.springframework.boot.SpringApplication.refresh(SpringApplication.java:752) ~[spring-boot-3.4.3.jar:3.4.3]
	at org.springframework.boot.SpringApplication.refreshContext(SpringApplication.java:439) ~[spring-boot-3.4.3.jar:3.4.3]
	at org.springframework.boot.SpringApplication.run(SpringApplication.java:318) ~[spring-boot-3.4.3.jar:3.4.3]
	at org.springframework.boot.SpringApplication.run(SpringApplication.java:1361) ~[spring-boot-3.4.3.jar:3.4.3]
	at org.springframework.boot.SpringApplication.run(SpringApplication.java:1350) ~[spring-boot-3.4.3.jar:3.4.3]
	at ir.benji.benjfa_oauth_service.BenjfaOauthServiceApplication.main(BenjfaOauthServiceApplication.java:10) ~[classes/:na]
	at java.base/jdk.internal.reflect.DirectMethodHandleAccessor.invoke(DirectMethodHandleAccessor.java:103) ~[na:na]
	at java.base/java.lang.reflect.Method.invoke(Method.java:580) ~[na:na]
	at org.springframework.boot.devtools.restart.RestartLauncher.run(RestartLauncher.java:50) ~[spring-boot-devtools-3.4.3.jar:3.4.3]
Caused by: org.postgresql.util.PSQLException: FATAL: database "benjifa_oauth_db" does not exist
	at org.postgresql.core.v3.QueryExecutorImpl.receiveErrorResponse(QueryExecutorImpl.java:2733) ~[postgresql-42.7.5.jar:42.7.5]
	at org.postgresql.core.v3.QueryExecutorImpl.readStartupMessages(QueryExecutorImpl.java:2845) ~[postgresql-42.7.5.jar:42.7.5]
	at org.postgresql.core.v3.QueryExecutorImpl.<init>(QueryExecutorImpl.java:176) ~[postgresql-42.7.5.jar:42.7.5]
	at org.postgresql.core.v3.ConnectionFactoryImpl.openConnectionImpl(ConnectionFactoryImpl.java:323) ~[postgresql-42.7.5.jar:42.7.5]
	at org.postgresql.core.ConnectionFactory.openConnection(ConnectionFactory.java:54) ~[postgresql-42.7.5.jar:42.7.5]
	at org.postgresql.jdbc.PgConnection.<init>(PgConnection.java:273) ~[postgresql-42.7.5.jar:42.7.5]
	at org.postgresql.Driver.makeConnection(Driver.java:446) ~[postgresql-42.7.5.jar:42.7.5]
	at org.postgresql.Driver.connect(Driver.java:298) ~[postgresql-42.7.5.jar:42.7.5]
	at com.zaxxer.hikari.util.DriverDataSource.getConnection(DriverDataSource.java:137) ~[HikariCP-5.1.0.jar:na]
	at com.zaxxer.hikari.pool.PoolBase.newConnection(PoolBase.java:360) ~[HikariCP-5.1.0.jar:na]
	at com.zaxxer.hikari.pool.PoolBase.newPoolEntry(PoolBase.java:202) ~[HikariCP-5.1.0.jar:na]
	at com.zaxxer.hikari.pool.HikariPool.createPoolEntry(HikariPool.java:461) ~[HikariCP-5.1.0.jar:na]
	at com.zaxxer.hikari.pool.HikariPool.checkFailFast(HikariPool.java:550) ~[HikariCP-5.1.0.jar:na]
	at com.zaxxer.hikari.pool.HikariPool.<init>(HikariPool.java:98) ~[HikariCP-5.1.0.jar:na]
	at com.zaxxer.hikari.HikariDataSource.getConnection(HikariDataSource.java:111) ~[HikariCP-5.1.0.jar:na]
	at org.hibernate.engine.jdbc.connections.internal.DatasourceConnectionProviderImpl.getConnection(DatasourceConnectionProviderImpl.java:126) ~[hibernate-core-6.6.8.Final.jar:6.6.8.Final]
	at org.hibernate.engine.jdbc.env.internal.JdbcEnvironmentInitiator$ConnectionProviderJdbcConnectionAccess.obtainConnection(JdbcEnvironmentInitiator.java:467) ~[hibernate-core-6.6.8.Final.jar:6.6.8.Final]
	at org.hibernate.resource.transaction.backend.jdbc.internal.JdbcIsolationDelegate.delegateWork(JdbcIsolationDelegate.java:61) ~[hibernate-core-6.6.8.Final.jar:6.6.8.Final]
	... 123 common frames omitted

2025-03-22T21:59:21.564+03:30 ERROR 10948 --- [benjfa-oauth-service] [restartedMain]   j.LocalContainerEntityManagerFactoryBean : Failed to initialize JPA EntityManagerFactory: Unable to create requested service [org.hibernate.engine.jdbc.env.spi.JdbcEnvironment] due to: Unable to determine Dialect without JDBC metadata (please set 'jakarta.persistence.jdbc.url' for common cases or 'hibernate.dialect' when a custom Dialect implementation must be provided)
2025-03-22T21:59:21.566+03:30 ERROR 10948 --- [benjfa-oauth-service] [restartedMain]   o.s.b.web.embedded.tomcat.TomcatStarter  : Error starting Tomcat context. Exception: org.springframework.beans.factory.UnsatisfiedDependencyException. Message: Error creating bean with name 'jwtAuthenticationFilter' defined in file [C:\Users\soheil\Desktop\benjifa\github\benjifa-oauh-service\target\classes\ir\benji\benjfa_oauth_service\user\service\JwtAuthenticationFilter.class]: Unsatisfied dependency expressed through constructor parameter 1: Error creating bean with name 'personServiceImpl' defined in file [C:\Users\soheil\Desktop\benjifa\github\benjifa-oauh-service\target\classes\ir\benji\benjfa_oauth_service\user\service\PersonServiceImpl.class]: Unsatisfied dependency expressed through constructor parameter 0: Error creating bean with name 'personRepository' defined in ir.benji.benjfa_oauth_service.user.repository.PersonRepository defined in @EnableJpaRepositories declared on JpaRepositoriesRegistrar.EnableJpaRepositoriesConfiguration: Cannot resolve reference to bean 'jpaSharedEM_entityManagerFactory' while setting bean property 'entityManager'
2025-03-22T21:59:21.636+03:30  WARN 10948 --- [benjfa-oauth-service] [restartedMain]   ConfigServletWebServerApplicationContext : Exception encountered during context initialization - cancelling refresh attempt: org.springframework.context.ApplicationContextException: Unable to start web server
2025-03-22T21:59:21.732+03:30 ERROR 10948 --- [benjfa-oauth-service] [restartedMain]   o.s.boot.SpringApplication               : Application run failed

org.springframework.context.ApplicationContextException: Unable to start web server
	at org.springframework.boot.web.servlet.context.ServletWebServerApplicationContext.onRefresh(ServletWebServerApplicationContext.java:170) ~[spring-boot-3.4.3.jar:3.4.3]
	at org.springframework.context.support.AbstractApplicationContext.refresh(AbstractApplicationContext.java:621) ~[spring-context-6.2.3.jar:6.2.3]
	at org.springframework.boot.web.servlet.context.ServletWebServerApplicationContext.refresh(ServletWebServerApplicationContext.java:146) ~[spring-boot-3.4.3.jar:3.4.3]
	at org.springframework.boot.SpringApplication.refresh(SpringApplication.java:752) ~[spring-boot-3.4.3.jar:3.4.3]
	at org.springframework.boot.SpringApplication.refreshContext(SpringApplication.java:439) ~[spring-boot-3.4.3.jar:3.4.3]
	at org.springframework.boot.SpringApplication.run(SpringApplication.java:318) ~[spring-boot-3.4.3.jar:3.4.3]
	at org.springframework.boot.SpringApplication.run(SpringApplication.java:1361) ~[spring-boot-3.4.3.jar:3.4.3]
	at org.springframework.boot.SpringApplication.run(SpringApplication.java:1350) ~[spring-boot-3.4.3.jar:3.4.3]
	at ir.benji.benjfa_oauth_service.BenjfaOauthServiceApplication.main(BenjfaOauthServiceApplication.java:10) ~[classes/:na]
	at java.base/jdk.internal.reflect.DirectMethodHandleAccessor.invoke(DirectMethodHandleAccessor.java:103) ~[na:na]
	at java.base/java.lang.reflect.Method.invoke(Method.java:580) ~[na:na]
	at org.springframework.boot.devtools.restart.RestartLauncher.run(RestartLauncher.java:50) ~[spring-boot-devtools-3.4.3.jar:3.4.3]
Caused by: org.springframework.boot.web.server.WebServerException: Unable to start embedded Tomcat
	at org.springframework.boot.web.embedded.tomcat.TomcatWebServer.initialize(TomcatWebServer.java:147) ~[spring-boot-3.4.3.jar:3.4.3]
	at org.springframework.boot.web.embedded.tomcat.TomcatWebServer.<init>(TomcatWebServer.java:107) ~[spring-boot-3.4.3.jar:3.4.3]
	at org.springframework.boot.web.embedded.tomcat.TomcatServletWebServerFactory.getTomcatWebServer(TomcatServletWebServerFactory.java:520) ~[spring-boot-3.4.3.jar:3.4.3]
	at org.springframework.boot.web.embedded.tomcat.TomcatServletWebServerFactory.getWebServer(TomcatServletWebServerFactory.java:222) ~[spring-boot-3.4.3.jar:3.4.3]
	at org.springframework.boot.web.servlet.context.ServletWebServerApplicationContext.createWebServer(ServletWebServerApplicationContext.java:193) ~[spring-boot-3.4.3.jar:3.4.3]
	at org.springframework.boot.web.servlet.context.ServletWebServerApplicationContext.onRefresh(ServletWebServerApplicationContext.java:167) ~[spring-boot-3.4.3.jar:3.4.3]
	... 11 common frames omitted
Caused by: org.springframework.beans.factory.UnsatisfiedDependencyException: Error creating bean with name 'jwtAuthenticationFilter' defined in file [C:\Users\soheil\Desktop\benjifa\github\benjifa-oauh-service\target\classes\ir\benji\benjfa_oauth_service\user\service\JwtAuthenticationFilter.class]: Unsatisfied dependency expressed through constructor parameter 1: Error creating bean with name 'personServiceImpl' defined in file [C:\Users\soheil\Desktop\benjifa\github\benjifa-oauh-service\target\classes\ir\benji\benjfa_oauth_service\user\service\PersonServiceImpl.class]: Unsatisfied dependency expressed through constructor parameter 0: Error creating bean with name 'personRepository' defined in ir.benji.benjfa_oauth_service.user.repository.PersonRepository defined in @EnableJpaRepositories declared on JpaRepositoriesRegistrar.EnableJpaRepositoriesConfiguration: Cannot resolve reference to bean 'jpaSharedEM_entityManagerFactory' while setting bean property 'entityManager'
	at org.springframework.beans.factory.support.ConstructorResolver.createArgumentArray(ConstructorResolver.java:804) ~[spring-beans-6.2.3.jar:6.2.3]
	at org.springframework.beans.factory.support.ConstructorResolver.autowireConstructor(ConstructorResolver.java:240) ~[spring-beans-6.2.3.jar:6.2.3]
	at org.springframework.beans.factory.support.AbstractAutowireCapableBeanFactory.autowireConstructor(AbstractAutowireCapableBeanFactory.java:1381) ~[spring-beans-6.2.3.jar:6.2.3]
	at org.springframework.beans.factory.support.AbstractAutowireCapableBeanFactory.createBeanInstance(AbstractAutowireCapableBeanFactory.java:1218) ~[spring-beans-6.2.3.jar:6.2.3]
	at org.springframework.beans.factory.support.AbstractAutowireCapableBeanFactory.doCreateBean(AbstractAutowireCapableBeanFactory.java:563) ~[spring-beans-6.2.3.jar:6.2.3]
	at org.springframework.beans.factory.support.AbstractAutowireCapableBeanFactory.createBean(AbstractAutowireCapableBeanFactory.java:523) ~[spring-beans-6.2.3.jar:6.2.3]
	at org.springframework.beans.factory.support.AbstractBeanFactory.lambda$doGetBean$0(AbstractBeanFactory.java:339) ~[spring-beans-6.2.3.jar:6.2.3]
	at org.springframework.beans.factory.support.DefaultSingletonBeanRegistry.getSingleton(DefaultSingletonBeanRegistry.java:346) ~[spring-beans-6.2.3.jar:6.2.3]
	at org.springframework.beans.factory.support.AbstractBeanFactory.doGetBean(AbstractBeanFactory.java:337) ~[spring-beans-6.2.3.jar:6.2.3]
	at org.springframework.beans.factory.support.AbstractBeanFactory.getBean(AbstractBeanFactory.java:207) ~[spring-beans-6.2.3.jar:6.2.3]
	at org.springframework.boot.web.servlet.ServletContextInitializerBeans.getOrderedBeansOfType(ServletContextInitializerBeans.java:211) ~[spring-boot-3.4.3.jar:3.4.3]
	at org.springframework.boot.web.servlet.ServletContextInitializerBeans.addAsRegistrationBean(ServletContextInitializerBeans.java:174) ~[spring-boot-3.4.3.jar:3.4.3]
	at org.springframework.boot.web.servlet.ServletContextInitializerBeans.addAsRegistrationBean(ServletContextInitializerBeans.java:169) ~[spring-boot-3.4.3.jar:3.4.3]
	at org.springframework.boot.web.servlet.ServletContextInitializerBeans.addAdaptableBeans(ServletContextInitializerBeans.java:154) ~[spring-boot-3.4.3.jar:3.4.3]
	at org.springframework.boot.web.servlet.ServletContextInitializerBeans.<init>(ServletContextInitializerBeans.java:87) ~[spring-boot-3.4.3.jar:3.4.3]
	at org.springframework.boot.web.servlet.context.ServletWebServerApplicationContext.getServletContextInitializerBeans(ServletWebServerApplicationContext.java:271) ~[spring-boot-3.4.3.jar:3.4.3]
	at org.springframework.boot.web.servlet.context.ServletWebServerApplicationContext.selfInitialize(ServletWebServerApplicationContext.java:245) ~[spring-boot-3.4.3.jar:3.4.3]
	at org.springframework.boot.web.embedded.tomcat.TomcatStarter.onStartup(TomcatStarter.java:52) ~[spring-boot-3.4.3.jar:3.4.3]
	at org.apache.catalina.core.StandardContext.startInternal(StandardContext.java:4467) ~[tomcat-embed-core-10.1.36.jar:10.1.36]
	at org.apache.catalina.util.LifecycleBase.start(LifecycleBase.java:164) ~[tomcat-embed-core-10.1.36.jar:10.1.36]
	at org.apache.catalina.core.ContainerBase$StartChild.call(ContainerBase.java:1203) ~[tomcat-embed-core-10.1.36.jar:10.1.36]
	at org.apache.catalina.core.ContainerBase$StartChild.call(ContainerBase.java:1193) ~[tomcat-embed-core-10.1.36.jar:10.1.36]
	at java.base/java.util.concurrent.FutureTask.run(FutureTask.java:317) ~[na:na]
	at org.apache.tomcat.util.threads.InlineExecutorService.execute(InlineExecutorService.java:75) ~[tomcat-embed-core-10.1.36.jar:10.1.36]
	at java.base/java.util.concurrent.AbstractExecutorService.submit(AbstractExecutorService.java:145) ~[na:na]
	at org.apache.catalina.core.ContainerBase.startInternal(ContainerBase.java:749) ~[tomcat-embed-core-10.1.36.jar:10.1.36]
	at org.apache.catalina.core.StandardHost.startInternal(StandardHost.java:772) ~[tomcat-embed-core-10.1.36.jar:10.1.36]
	at org.apache.catalina.util.LifecycleBase.start(LifecycleBase.java:164) ~[tomcat-embed-core-10.1.36.jar:10.1.36]
	at org.apache.catalina.core.ContainerBase$StartChild.call(ContainerBase.java:1203) ~[tomcat-embed-core-10.1.36.jar:10.1.36]
	at org.apache.catalina.core.ContainerBase$StartChild.call(ContainerBase.java:1193) ~[tomcat-embed-core-10.1.36.jar:10.1.36]
	at java.base/java.util.concurrent.FutureTask.run(FutureTask.java:317) ~[na:na]
	at org.apache.tomcat.util.threads.InlineExecutorService.execute(InlineExecutorService.java:75) ~[tomcat-embed-core-10.1.36.jar:10.1.36]
	at java.base/java.util.concurrent.AbstractExecutorService.submit(AbstractExecutorService.java:145) ~[na:na]
	at org.apache.catalina.core.ContainerBase.startInternal(ContainerBase.java:749) ~[tomcat-embed-core-10.1.36.jar:10.1.36]
	at org.apache.catalina.core.StandardEngine.startInternal(StandardEngine.java:203) ~[tomcat-embed-core-10.1.36.jar:10.1.36]
	at org.apache.catalina.util.LifecycleBase.start(LifecycleBase.java:164) ~[tomcat-embed-core-10.1.36.jar:10.1.36]
	at org.apache.catalina.core.StandardService.startInternal(StandardService.java:415) ~[tomcat-embed-core-10.1.36.jar:10.1.36]
	at org.apache.catalina.util.LifecycleBase.start(LifecycleBase.java:164) ~[tomcat-embed-core-10.1.36.jar:10.1.36]
	at org.apache.catalina.core.StandardServer.startInternal(StandardServer.java:870) ~[tomcat-embed-core-10.1.36.jar:10.1.36]
	at org.apache.catalina.util.LifecycleBase.start(LifecycleBase.java:164) ~[tomcat-embed-core-10.1.36.jar:10.1.36]
	at org.apache.catalina.startup.Tomcat.start(Tomcat.java:437) ~[tomcat-embed-core-10.1.36.jar:10.1.36]
	at org.springframework.boot.web.embedded.tomcat.TomcatWebServer.initialize(TomcatWebServer.java:128) ~[spring-boot-3.4.3.jar:3.4.3]
	... 16 common frames omitted
Caused by: org.springframework.beans.factory.UnsatisfiedDependencyException: Error creating bean with name 'personServiceImpl' defined in file [C:\Users\soheil\Desktop\benjifa\github\benjifa-oauh-service\target\classes\ir\benji\benjfa_oauth_service\user\service\PersonServiceImpl.class]: Unsatisfied dependency expressed through constructor parameter 0: Error creating bean with name 'personRepository' defined in ir.benji.benjfa_oauth_service.user.repository.PersonRepository defined in @EnableJpaRepositories declared on JpaRepositoriesRegistrar.EnableJpaRepositoriesConfiguration: Cannot resolve reference to bean 'jpaSharedEM_entityManagerFactory' while setting bean property 'entityManager'
	at org.springframework.beans.factory.support.ConstructorResolver.createArgumentArray(ConstructorResolver.java:804) ~[spring-beans-6.2.3.jar:6.2.3]
	at org.springframework.beans.factory.support.ConstructorResolver.autowireConstructor(ConstructorResolver.java:240) ~[spring-beans-6.2.3.jar:6.2.3]
	at org.springframework.beans.factory.support.AbstractAutowireCapableBeanFactory.autowireConstructor(AbstractAutowireCapableBeanFactory.java:1381) ~[spring-beans-6.2.3.jar:6.2.3]
	at org.springframework.beans.factory.support.AbstractAutowireCapableBeanFactory.createBeanInstance(AbstractAutowireCapableBeanFactory.java:1218) ~[spring-beans-6.2.3.jar:6.2.3]
	at org.springframework.beans.factory.support.AbstractAutowireCapableBeanFactory.doCreateBean(AbstractAutowireCapableBeanFactory.java:563) ~[spring-beans-6.2.3.jar:6.2.3]
	at org.springframework.beans.factory.support.AbstractAutowireCapableBeanFactory.createBean(AbstractAutowireCapableBeanFactory.java:523) ~[spring-beans-6.2.3.jar:6.2.3]
	at org.springframework.beans.factory.support.AbstractBeanFactory.lambda$doGetBean$0(AbstractBeanFactory.java:339) ~[spring-beans-6.2.3.jar:6.2.3]
	at org.springframework.beans.factory.support.DefaultSingletonBeanRegistry.getSingleton(DefaultSingletonBeanRegistry.java:346) ~[spring-beans-6.2.3.jar:6.2.3]
	at org.springframework.beans.factory.support.AbstractBeanFactory.doGetBean(AbstractBeanFactory.java:337) ~[spring-beans-6.2.3.jar:6.2.3]
	at org.springframework.beans.factory.support.AbstractBeanFactory.getBean(AbstractBeanFactory.java:202) ~[spring-beans-6.2.3.jar:6.2.3]
	at org.springframework.beans.factory.config.DependencyDescriptor.resolveCandidate(DependencyDescriptor.java:254) ~[spring-beans-6.2.3.jar:6.2.3]
	at org.springframework.beans.factory.support.DefaultListableBeanFactory.doResolveDependency(DefaultListableBeanFactory.java:1664) ~[spring-beans-6.2.3.jar:6.2.3]
	at org.springframework.beans.factory.support.DefaultListableBeanFactory.resolveDependency(DefaultListableBeanFactory.java:1552) ~[spring-beans-6.2.3.jar:6.2.3]
	at org.springframework.beans.factory.support.ConstructorResolver.resolveAutowiredArgument(ConstructorResolver.java:913) ~[spring-beans-6.2.3.jar:6.2.3]
	at org.springframework.beans.factory.support.ConstructorResolver.createArgumentArray(ConstructorResolver.java:791) ~[spring-beans-6.2.3.jar:6.2.3]
	... 57 common frames omitted
Caused by: org.springframework.beans.factory.BeanCreationException: Error creating bean with name 'personRepository' defined in ir.benji.benjfa_oauth_service.user.repository.PersonRepository defined in @EnableJpaRepositories declared on JpaRepositoriesRegistrar.EnableJpaRepositoriesConfiguration: Cannot resolve reference to bean 'jpaSharedEM_entityManagerFactory' while setting bean property 'entityManager'
	at org.springframework.beans.factory.support.BeanDefinitionValueResolver.resolveReference(BeanDefinitionValueResolver.java:377) ~[spring-beans-6.2.3.jar:6.2.3]
	at org.springframework.beans.factory.support.BeanDefinitionValueResolver.resolveValueIfNecessary(BeanDefinitionValueResolver.java:135) ~[spring-beans-6.2.3.jar:6.2.3]
	at org.springframework.beans.factory.support.AbstractAutowireCapableBeanFactory.applyPropertyValues(AbstractAutowireCapableBeanFactory.java:1711) ~[spring-beans-6.2.3.jar:6.2.3]
	at org.springframework.beans.factory.support.AbstractAutowireCapableBeanFactory.populateBean(AbstractAutowireCapableBeanFactory.java:1460) ~[spring-beans-6.2.3.jar:6.2.3]
	at org.springframework.beans.factory.support.AbstractAutowireCapableBeanFactory.doCreateBean(AbstractAutowireCapableBeanFactory.java:600) ~[spring-beans-6.2.3.jar:6.2.3]
	at org.springframework.beans.factory.support.AbstractAutowireCapableBeanFactory.createBean(AbstractAutowireCapableBeanFactory.java:523) ~[spring-beans-6.2.3.jar:6.2.3]
	at org.springframework.beans.factory.support.AbstractBeanFactory.lambda$doGetBean$0(AbstractBeanFactory.java:339) ~[spring-beans-6.2.3.jar:6.2.3]
	at org.springframework.beans.factory.support.DefaultSingletonBeanRegistry.getSingleton(DefaultSingletonBeanRegistry.java:346) ~[spring-beans-6.2.3.jar:6.2.3]
	at org.springframework.beans.factory.support.AbstractBeanFactory.doGetBean(AbstractBeanFactory.java:337) ~[spring-beans-6.2.3.jar:6.2.3]
	at org.springframework.beans.factory.support.AbstractBeanFactory.getBean(AbstractBeanFactory.java:202) ~[spring-beans-6.2.3.jar:6.2.3]
	at org.springframework.beans.factory.support.DefaultListableBeanFactory.doResolveDependency(DefaultListableBeanFactory.java:1606) ~[spring-beans-6.2.3.jar:6.2.3]
	at org.springframework.beans.factory.support.DefaultListableBeanFactory.resolveDependency(DefaultListableBeanFactory.java:1552) ~[spring-beans-6.2.3.jar:6.2.3]
	at org.springframework.beans.factory.support.ConstructorResolver.resolveAutowiredArgument(ConstructorResolver.java:913) ~[spring-beans-6.2.3.jar:6.2.3]
	at org.springframework.beans.factory.support.ConstructorResolver.createArgumentArray(ConstructorResolver.java:791) ~[spring-beans-6.2.3.jar:6.2.3]
	... 71 common frames omitted
Caused by: org.springframework.beans.factory.BeanCreationException: Error creating bean with name 'jpaSharedEM_entityManagerFactory': Cannot resolve reference to bean 'entityManagerFactory' while setting constructor argument
	at org.springframework.beans.factory.support.BeanDefinitionValueResolver.resolveReference(BeanDefinitionValueResolver.java:377) ~[spring-beans-6.2.3.jar:6.2.3]
	at org.springframework.beans.factory.support.BeanDefinitionValueResolver.resolveValueIfNecessary(BeanDefinitionValueResolver.java:135) ~[spring-beans-6.2.3.jar:6.2.3]
	at org.springframework.beans.factory.support.ConstructorResolver.resolveConstructorArguments(ConstructorResolver.java:691) ~[spring-beans-6.2.3.jar:6.2.3]
	at org.springframework.beans.factory.support.ConstructorResolver.instantiateUsingFactoryMethod(ConstructorResolver.java:513) ~[spring-beans-6.2.3.jar:6.2.3]
	at org.springframework.beans.factory.support.AbstractAutowireCapableBeanFactory.instantiateUsingFactoryMethod(AbstractAutowireCapableBeanFactory.java:1361) ~[spring-beans-6.2.3.jar:6.2.3]
	at org.springframework.beans.factory.support.AbstractAutowireCapableBeanFactory.createBeanInstance(AbstractAutowireCapableBeanFactory.java:1191) ~[spring-beans-6.2.3.jar:6.2.3]
	at org.springframework.beans.factory.support.AbstractAutowireCapableBeanFactory.doCreateBean(AbstractAutowireCapableBeanFactory.java:563) ~[spring-beans-6.2.3.jar:6.2.3]
	at org.springframework.beans.factory.support.AbstractAutowireCapableBeanFactory.createBean(AbstractAutowireCapableBeanFactory.java:523) ~[spring-beans-6.2.3.jar:6.2.3]
	at org.springframework.beans.factory.support.AbstractBeanFactory.lambda$doGetBean$0(AbstractBeanFactory.java:339) ~[spring-beans-6.2.3.jar:6.2.3]
	at org.springframework.beans.factory.support.DefaultSingletonBeanRegistry.getSingleton(DefaultSingletonBeanRegistry.java:346) ~[spring-beans-6.2.3.jar:6.2.3]
	at org.springframework.beans.factory.support.AbstractBeanFactory.doGetBean(AbstractBeanFactory.java:337) ~[spring-beans-6.2.3.jar:6.2.3]
	at org.springframework.beans.factory.support.AbstractBeanFactory.getBean(AbstractBeanFactory.java:202) ~[spring-beans-6.2.3.jar:6.2.3]
	at org.springframework.beans.factory.support.BeanDefinitionValueResolver.resolveReference(BeanDefinitionValueResolver.java:365) ~[spring-beans-6.2.3.jar:6.2.3]
	... 84 common frames omitted
Caused by: org.springframework.beans.factory.BeanCreationException: Error creating bean with name 'entityManagerFactory' defined in class path resource [org/springframework/boot/autoconfigure/orm/jpa/HibernateJpaConfiguration.class]: Unable to create requested service [org.hibernate.engine.jdbc.env.spi.JdbcEnvironment] due to: Unable to determine Dialect without JDBC metadata (please set 'jakarta.persistence.jdbc.url' for common cases or 'hibernate.dialect' when a custom Dialect implementation must be provided)
	at org.springframework.beans.factory.support.AbstractAutowireCapableBeanFactory.initializeBean(AbstractAutowireCapableBeanFactory.java:1812) ~[spring-beans-6.2.3.jar:6.2.3]
	at org.springframework.beans.factory.support.AbstractAutowireCapableBeanFactory.doCreateBean(AbstractAutowireCapableBeanFactory.java:601) ~[spring-beans-6.2.3.jar:6.2.3]
	at org.springframework.beans.factory.support.AbstractAutowireCapableBeanFactory.createBean(AbstractAutowireCapableBeanFactory.java:523) ~[spring-beans-6.2.3.jar:6.2.3]
	at org.springframework.beans.factory.support.AbstractBeanFactory.lambda$doGetBean$0(AbstractBeanFactory.java:339) ~[spring-beans-6.2.3.jar:6.2.3]
	at org.springframework.beans.factory.support.DefaultSingletonBeanRegistry.getSingleton(DefaultSingletonBeanRegistry.java:346) ~[spring-beans-6.2.3.jar:6.2.3]
	at org.springframework.beans.factory.support.AbstractBeanFactory.doGetBean(AbstractBeanFactory.java:337) ~[spring-beans-6.2.3.jar:6.2.3]
	at org.springframework.beans.factory.support.AbstractBeanFactory.getBean(AbstractBeanFactory.java:202) ~[spring-beans-6.2.3.jar:6.2.3]
	at org.springframework.beans.factory.support.BeanDefinitionValueResolver.resolveReference(BeanDefinitionValueResolver.java:365) ~[spring-beans-6.2.3.jar:6.2.3]
	... 96 common frames omitted
Caused by: org.hibernate.service.spi.ServiceException: Unable to create requested service [org.hibernate.engine.jdbc.env.spi.JdbcEnvironment] due to: Unable to determine Dialect without JDBC metadata (please set 'jakarta.persistence.jdbc.url' for common cases or 'hibernate.dialect' when a custom Dialect implementation must be provided)
	at org.hibernate.service.internal.AbstractServiceRegistryImpl.createService(AbstractServiceRegistryImpl.java:276) ~[hibernate-core-6.6.8.Final.jar:6.6.8.Final]
	at org.hibernate.service.internal.AbstractServiceRegistryImpl.initializeService(AbstractServiceRegistryImpl.java:238) ~[hibernate-core-6.6.8.Final.jar:6.6.8.Final]
	at org.hibernate.service.internal.AbstractServiceRegistryImpl.getService(AbstractServiceRegistryImpl.java:215) ~[hibernate-core-6.6.8.Final.jar:6.6.8.Final]
	at org.hibernate.boot.model.relational.Database.<init>(Database.java:45) ~[hibernate-core-6.6.8.Final.jar:6.6.8.Final]
	at org.hibernate.boot.internal.InFlightMetadataCollectorImpl.getDatabase(InFlightMetadataCollectorImpl.java:226) ~[hibernate-core-6.6.8.Final.jar:6.6.8.Final]
	at org.hibernate.boot.internal.InFlightMetadataCollectorImpl.<init>(InFlightMetadataCollectorImpl.java:194) ~[hibernate-core-6.6.8.Final.jar:6.6.8.Final]
	at org.hibernate.boot.model.process.spi.MetadataBuildingProcess.complete(MetadataBuildingProcess.java:171) ~[hibernate-core-6.6.8.Final.jar:6.6.8.Final]
	at org.hibernate.jpa.boot.internal.EntityManagerFactoryBuilderImpl.metadata(EntityManagerFactoryBuilderImpl.java:1442) ~[hibernate-core-6.6.8.Final.jar:6.6.8.Final]
	at org.hibernate.jpa.boot.internal.EntityManagerFactoryBuilderImpl.build(EntityManagerFactoryBuilderImpl.java:1513) ~[hibernate-core-6.6.8.Final.jar:6.6.8.Final]
	at org.springframework.orm.jpa.vendor.SpringHibernateJpaPersistenceProvider.createContainerEntityManagerFactory(SpringHibernateJpaPersistenceProvider.java:66) ~[spring-orm-6.2.3.jar:6.2.3]
	at org.springframework.orm.jpa.LocalContainerEntityManagerFactoryBean.createNativeEntityManagerFactory(LocalContainerEntityManagerFactoryBean.java:390) ~[spring-orm-6.2.3.jar:6.2.3]
	at org.springframework.orm.jpa.AbstractEntityManagerFactoryBean.buildNativeEntityManagerFactory(AbstractEntityManagerFactoryBean.java:419) ~[spring-orm-6.2.3.jar:6.2.3]
	at org.springframework.orm.jpa.AbstractEntityManagerFactoryBean.afterPropertiesSet(AbstractEntityManagerFactoryBean.java:400) ~[spring-orm-6.2.3.jar:6.2.3]
	at org.springframework.orm.jpa.LocalContainerEntityManagerFactoryBean.afterPropertiesSet(LocalContainerEntityManagerFactoryBean.java:366) ~[spring-orm-6.2.3.jar:6.2.3]
	at org.springframework.beans.factory.support.AbstractAutowireCapableBeanFactory.invokeInitMethods(AbstractAutowireCapableBeanFactory.java:1859) ~[spring-beans-6.2.3.jar:6.2.3]
	at org.springframework.beans.factory.support.AbstractAutowireCapableBeanFactory.initializeBean(AbstractAutowireCapableBeanFactory.java:1808) ~[spring-beans-6.2.3.jar:6.2.3]
	... 103 common frames omitted
Caused by: org.hibernate.HibernateException: Unable to determine Dialect without JDBC metadata (please set 'jakarta.persistence.jdbc.url' for common cases or 'hibernate.dialect' when a custom Dialect implementation must be provided)
	at org.hibernate.engine.jdbc.dialect.internal.DialectFactoryImpl.determineDialect(DialectFactoryImpl.java:191) ~[hibernate-core-6.6.8.Final.jar:6.6.8.Final]
	at org.hibernate.engine.jdbc.dialect.internal.DialectFactoryImpl.buildDialect(DialectFactoryImpl.java:87) ~[hibernate-core-6.6.8.Final.jar:6.6.8.Final]
	at org.hibernate.engine.jdbc.env.internal.JdbcEnvironmentInitiator.getJdbcEnvironmentWithDefaults(JdbcEnvironmentInitiator.java:181) ~[hibernate-core-6.6.8.Final.jar:6.6.8.Final]
	at org.hibernate.engine.jdbc.env.internal.JdbcEnvironmentInitiator.getJdbcEnvironmentUsingJdbcMetadata(JdbcEnvironmentInitiator.java:392) ~[hibernate-core-6.6.8.Final.jar:6.6.8.Final]
	at org.hibernate.engine.jdbc.env.internal.JdbcEnvironmentInitiator.initiateService(JdbcEnvironmentInitiator.java:129) ~[hibernate-core-6.6.8.Final.jar:6.6.8.Final]
	at org.hibernate.engine.jdbc.env.internal.JdbcEnvironmentInitiator.initiateService(JdbcEnvironmentInitiator.java:81) ~[hibernate-core-6.6.8.Final.jar:6.6.8.Final]
	at org.hibernate.boot.registry.internal.StandardServiceRegistryImpl.initiateService(StandardServiceRegistryImpl.java:130) ~[hibernate-core-6.6.8.Final.jar:6.6.8.Final]
	at org.hibernate.service.internal.AbstractServiceRegistryImpl.createService(AbstractServiceRegistryImpl.java:263) ~[hibernate-core-6.6.8.Final.jar:6.6.8.Final]
	... 118 common frames omitted

2025-03-22T22:02:43.919+03:30  WARN 4292 --- [benjfa-oauth-service] [restartedMain]   JpaBaseConfiguration$JpaWebConfiguration : spring.jpa.open-in-view is enabled by default. Therefore, database queries may be performed during view rendering. Explicitly configure spring.jpa.open-in-view to disable this warning
2025-03-22T22:02:44.056+03:30 TRACE 4292 --- [benjfa-oauth-service] [restartedMain]   eGlobalAuthenticationAutowiredConfigurer : Eagerly initializing {securityConfig=ir.benji.benjfa_oauth_service.config.SecurityConfig$$SpringCGLIB$$0@3ed43781}
2025-03-22T22:02:44.087+03:30  INFO 4292 --- [benjfa-oauth-service] [restartedMain]   r$InitializeUserDetailsManagerConfigurer : Global AuthenticationManager configured with UserDetailsService bean with name personServiceImpl
2025-03-22T22:02:45.365+03:30 DEBUG 4292 --- [benjfa-oauth-service] [restartedMain]   o.s.s.web.DefaultSecurityFilterChain     : Will secure any request with filters: DisableEncodeUrlFilter, WebAsyncManagerIntegrationFilter, SecurityContextHolderFilter, AuthorizationServerContextFilter, HeaderWriterFilter, CsrfFilter, LogoutFilter, OAuth2AuthorizationServerMetadataEndpointFilter, OAuth2AuthorizationEndpointFilter, OAuth2DeviceVerificationEndpointFilter, NimbusJwkSetEndpointFilter, OAuth2ClientAuthenticationFilter, RequestCacheAwareFilter, SecurityContextHolderAwareRequestFilter, AnonymousAuthenticationFilter, ExceptionTranslationFilter, OAuth2TokenEndpointFilter, OAuth2TokenIntrospectionEndpointFilter, OAuth2TokenRevocationEndpointFilter, OAuth2DeviceAuthorizationEndpointFilter
2025-03-22T22:12:36.864+03:30 TRACE 4292 --- [benjfa-oauth-service] [http-nio-9000-exec-1]   o.s.security.web.FilterChainProxy        : Trying to match request against DefaultSecurityFilterChain defined as 'securityFilterChain' in [class path resource [ir/benji/benjfa_oauth_service/config/AuthorizationServerConfig.class]] matching [any request] and having filters [DisableEncodeUrl, WebAsyncManagerIntegration, SecurityContextHolder, AuthorizationServerContext, HeaderWriter, Csrf, Logout, OAuth2AuthorizationServerMetadataEndpoint, OAuth2AuthorizationEndpoint, OAuth2DeviceVerificationEndpoint, NimbusJwkSetEndpoint, OAuth2ClientAuthentication, RequestCacheAware, SecurityContextHolderAwareRequest, AnonymousAuthentication, ExceptionTranslation, OAuth2TokenEndpoint, OAuth2TokenIntrospectionEndpoint, OAuth2TokenRevocationEndpoint, OAuth2DeviceAuthorizationEndpoint] (1/1)
2025-03-22T22:12:36.866+03:30 DEBUG 4292 --- [benjfa-oauth-service] [http-nio-9000-exec-1]   o.s.security.web.FilterChainProxy        : Securing GET /.well-known/openid-configuration
2025-03-22T22:12:36.871+03:30 TRACE 4292 --- [benjfa-oauth-service] [http-nio-9000-exec-1]   o.s.security.web.FilterChainProxy        : Invoking DisableEncodeUrlFilter (1/20)
2025-03-22T22:12:36.885+03:30 TRACE 4292 --- [benjfa-oauth-service] [http-nio-9000-exec-1]   o.s.security.web.FilterChainProxy        : Invoking WebAsyncManagerIntegrationFilter (2/20)
2025-03-22T22:12:36.897+03:30 TRACE 4292 --- [benjfa-oauth-service] [http-nio-9000-exec-1]   o.s.security.web.FilterChainProxy        : Invoking SecurityContextHolderFilter (3/20)
2025-03-22T22:12:36.903+03:30 TRACE 4292 --- [benjfa-oauth-service] [http-nio-9000-exec-1]   o.s.security.web.FilterChainProxy        : Invoking AuthorizationServerContextFilter (4/20)
2025-03-22T22:12:36.939+03:30 TRACE 4292 --- [benjfa-oauth-service] [http-nio-9000-exec-1]   o.s.security.web.FilterChainProxy        : Invoking HeaderWriterFilter (5/20)
2025-03-22T22:12:36.943+03:30 TRACE 4292 --- [benjfa-oauth-service] [http-nio-9000-exec-1]   o.s.security.web.FilterChainProxy        : Invoking CsrfFilter (6/20)
2025-03-22T22:12:36.948+03:30 TRACE 4292 --- [benjfa-oauth-service] [http-nio-9000-exec-1]   o.s.security.web.csrf.CsrfFilter         : Did not protect against CSRF since request did not match And [CsrfNotRequired [TRACE, HEAD, GET, OPTIONS], Not [Or [Or [Or [Ant [pattern='/oauth2/token', POST], Ant [pattern='/oauth2/introspect', POST], Ant [pattern='/oauth2/revoke', POST], Ant [pattern='/oauth2/device_authorization', POST]], Ant [pattern='/.well-known/oauth-authorization-server', GET], Or [Ant [pattern='/oauth2/authorize', GET], Ant [pattern='/oauth2/authorize', POST]], Ant [pattern='/oauth2/token', POST], Ant [pattern='/oauth2/introspect', POST], Ant [pattern='/oauth2/revoke', POST], Ant [pattern='/oauth2/device_authorization', POST], Or [Ant [pattern='/oauth2/device_verification', GET], Ant [pattern='/oauth2/device_verification', POST]], Ant [pattern='/oauth2/jwks', GET]]]]]
2025-03-22T22:12:36.950+03:30 TRACE 4292 --- [benjfa-oauth-service] [http-nio-9000-exec-1]   o.s.security.web.FilterChainProxy        : Invoking LogoutFilter (7/20)
2025-03-22T22:12:36.952+03:30 TRACE 4292 --- [benjfa-oauth-service] [http-nio-9000-exec-1]   o.s.s.w.a.logout.LogoutFilter            : Did not match request to Ant [pattern='/logout', POST]
2025-03-22T22:12:36.952+03:30 TRACE 4292 --- [benjfa-oauth-service] [http-nio-9000-exec-1]   o.s.security.web.FilterChainProxy        : Invoking OAuth2AuthorizationServerMetadataEndpointFilter (8/20)
2025-03-22T22:12:36.953+03:30 TRACE 4292 --- [benjfa-oauth-service] [http-nio-9000-exec-1]   o.s.security.web.FilterChainProxy        : Invoking OAuth2AuthorizationEndpointFilter (9/20)
2025-03-22T22:12:36.954+03:30 TRACE 4292 --- [benjfa-oauth-service] [http-nio-9000-exec-1]   o.s.security.web.FilterChainProxy        : Invoking OAuth2DeviceVerificationEndpointFilter (10/20)
2025-03-22T22:12:36.956+03:30 TRACE 4292 --- [benjfa-oauth-service] [http-nio-9000-exec-1]   o.s.security.web.FilterChainProxy        : Invoking NimbusJwkSetEndpointFilter (11/20)
2025-03-22T22:12:36.958+03:30 TRACE 4292 --- [benjfa-oauth-service] [http-nio-9000-exec-1]   o.s.security.web.FilterChainProxy        : Invoking OAuth2ClientAuthenticationFilter (12/20)
2025-03-22T22:12:36.966+03:30 TRACE 4292 --- [benjfa-oauth-service] [http-nio-9000-exec-1]   o.s.security.web.FilterChainProxy        : Invoking RequestCacheAwareFilter (13/20)
2025-03-22T22:12:36.969+03:30 TRACE 4292 --- [benjfa-oauth-service] [http-nio-9000-exec-1]   o.s.s.w.s.HttpSessionRequestCache        : matchingRequestParameterName is required for getMatchingRequest to lookup a value, but not provided
2025-03-22T22:12:36.969+03:30 TRACE 4292 --- [benjfa-oauth-service] [http-nio-9000-exec-1]   o.s.security.web.FilterChainProxy        : Invoking SecurityContextHolderAwareRequestFilter (14/20)
2025-03-22T22:12:36.973+03:30 TRACE 4292 --- [benjfa-oauth-service] [http-nio-9000-exec-1]   o.s.security.web.FilterChainProxy        : Invoking AnonymousAuthenticationFilter (15/20)
2025-03-22T22:12:36.976+03:30 TRACE 4292 --- [benjfa-oauth-service] [http-nio-9000-exec-1]   o.s.security.web.FilterChainProxy        : Invoking ExceptionTranslationFilter (16/20)
2025-03-22T22:12:36.983+03:30 TRACE 4292 --- [benjfa-oauth-service] [http-nio-9000-exec-1]   o.s.security.web.FilterChainProxy        : Invoking OAuth2TokenEndpointFilter (17/20)
2025-03-22T22:12:36.984+03:30 TRACE 4292 --- [benjfa-oauth-service] [http-nio-9000-exec-1]   o.s.security.web.FilterChainProxy        : Invoking OAuth2TokenIntrospectionEndpointFilter (18/20)
2025-03-22T22:12:36.985+03:30 TRACE 4292 --- [benjfa-oauth-service] [http-nio-9000-exec-1]   o.s.security.web.FilterChainProxy        : Invoking OAuth2TokenRevocationEndpointFilter (19/20)
2025-03-22T22:12:36.987+03:30 TRACE 4292 --- [benjfa-oauth-service] [http-nio-9000-exec-1]   o.s.security.web.FilterChainProxy        : Invoking OAuth2DeviceAuthorizationEndpointFilter (20/20)
2025-03-22T22:12:36.999+03:30 DEBUG 4292 --- [benjfa-oauth-service] [http-nio-9000-exec-1]   o.s.security.web.FilterChainProxy        : Secured GET /.well-known/openid-configuration
2025-03-22T22:12:37.031+03:30 TRACE 4292 --- [benjfa-oauth-service] [http-nio-9000-exec-1]   o.s.s.w.header.writers.HstsHeaderWriter  : Not injecting HSTS header since it did not match request to [Is Secure]
2025-03-22T22:12:37.033+03:30 TRACE 4292 --- [benjfa-oauth-service] [http-nio-9000-exec-1]   w.c.HttpSessionSecurityContextRepository : No HttpSession currently exists
2025-03-22T22:12:37.034+03:30 TRACE 4292 --- [benjfa-oauth-service] [http-nio-9000-exec-1]   .s.s.w.c.SupplierDeferredSecurityContext : Created SecurityContextImpl [Null authentication]
2025-03-22T22:12:37.035+03:30 TRACE 4292 --- [benjfa-oauth-service] [http-nio-9000-exec-1]   .s.s.w.c.SupplierDeferredSecurityContext : Created SecurityContextImpl [Null authentication]
2025-03-22T22:12:37.036+03:30 TRACE 4292 --- [benjfa-oauth-service] [http-nio-9000-exec-1]   o.s.s.w.a.AnonymousAuthenticationFilter  : Set SecurityContextHolder to AnonymousAuthenticationToken [Principal=anonymousUser, Credentials=[PROTECTED], Authenticated=true, Details=WebAuthenticationDetails [RemoteIpAddress=127.0.0.1, SessionId=null], Granted Authorities=[ROLE_ANONYMOUS]]
2025-03-22T22:12:37.063+03:30 TRACE 4292 --- [benjfa-oauth-service] [http-nio-9000-exec-1]   o.s.security.web.FilterChainProxy        : Trying to match request against DefaultSecurityFilterChain defined as 'securityFilterChain' in [class path resource [ir/benji/benjfa_oauth_service/config/AuthorizationServerConfig.class]] matching [any request] and having filters [DisableEncodeUrl, WebAsyncManagerIntegration, SecurityContextHolder, AuthorizationServerContext, HeaderWriter, Csrf, Logout, OAuth2AuthorizationServerMetadataEndpoint, OAuth2AuthorizationEndpoint, OAuth2DeviceVerificationEndpoint, NimbusJwkSetEndpoint, OAuth2ClientAuthentication, RequestCacheAware, SecurityContextHolderAwareRequest, AnonymousAuthentication, ExceptionTranslation, OAuth2TokenEndpoint, OAuth2TokenIntrospectionEndpoint, OAuth2TokenRevocationEndpoint, OAuth2DeviceAuthorizationEndpoint] (1/1)
2025-03-22T22:12:37.064+03:30 DEBUG 4292 --- [benjfa-oauth-service] [http-nio-9000-exec-1]   o.s.security.web.FilterChainProxy        : Securing GET /error
2025-03-22T22:12:37.066+03:30 TRACE 4292 --- [benjfa-oauth-service] [http-nio-9000-exec-1]   o.s.security.web.FilterChainProxy        : Invoking DisableEncodeUrlFilter (1/20)
2025-03-22T22:12:37.067+03:30 TRACE 4292 --- [benjfa-oauth-service] [http-nio-9000-exec-1]   o.s.security.web.FilterChainProxy        : Invoking WebAsyncManagerIntegrationFilter (2/20)
2025-03-22T22:12:37.068+03:30 TRACE 4292 --- [benjfa-oauth-service] [http-nio-9000-exec-1]   o.s.security.web.FilterChainProxy        : Invoking SecurityContextHolderFilter (3/20)
2025-03-22T22:12:37.071+03:30 TRACE 4292 --- [benjfa-oauth-service] [http-nio-9000-exec-1]   o.s.security.web.FilterChainProxy        : Invoking AuthorizationServerContextFilter (4/20)
2025-03-22T22:12:37.072+03:30 TRACE 4292 --- [benjfa-oauth-service] [http-nio-9000-exec-1]   o.s.security.web.FilterChainProxy        : Invoking HeaderWriterFilter (5/20)
2025-03-22T22:12:37.078+03:30 TRACE 4292 --- [benjfa-oauth-service] [http-nio-9000-exec-1]   o.s.security.web.FilterChainProxy        : Invoking CsrfFilter (6/20)
2025-03-22T22:12:37.081+03:30 TRACE 4292 --- [benjfa-oauth-service] [http-nio-9000-exec-1]   o.s.security.web.FilterChainProxy        : Invoking LogoutFilter (7/20)
2025-03-22T22:12:37.082+03:30 TRACE 4292 --- [benjfa-oauth-service] [http-nio-9000-exec-1]   o.s.s.w.a.logout.LogoutFilter            : Did not match request to Ant [pattern='/logout', POST]
2025-03-22T22:12:37.083+03:30 TRACE 4292 --- [benjfa-oauth-service] [http-nio-9000-exec-1]   o.s.security.web.FilterChainProxy        : Invoking OAuth2AuthorizationServerMetadataEndpointFilter (8/20)
2025-03-22T22:12:37.083+03:30 TRACE 4292 --- [benjfa-oauth-service] [http-nio-9000-exec-1]   o.s.security.web.FilterChainProxy        : Invoking OAuth2AuthorizationEndpointFilter (9/20)
2025-03-22T22:12:37.084+03:30 TRACE 4292 --- [benjfa-oauth-service] [http-nio-9000-exec-1]   o.s.security.web.FilterChainProxy        : Invoking OAuth2DeviceVerificationEndpointFilter (10/20)
2025-03-22T22:12:37.085+03:30 TRACE 4292 --- [benjfa-oauth-service] [http-nio-9000-exec-1]   o.s.security.web.FilterChainProxy        : Invoking NimbusJwkSetEndpointFilter (11/20)
2025-03-22T22:12:37.086+03:30 TRACE 4292 --- [benjfa-oauth-service] [http-nio-9000-exec-1]   o.s.security.web.FilterChainProxy        : Invoking OAuth2ClientAuthenticationFilter (12/20)
2025-03-22T22:12:37.087+03:30 TRACE 4292 --- [benjfa-oauth-service] [http-nio-9000-exec-1]   o.s.security.web.FilterChainProxy        : Invoking RequestCacheAwareFilter (13/20)
2025-03-22T22:12:37.088+03:30 TRACE 4292 --- [benjfa-oauth-service] [http-nio-9000-exec-1]   o.s.s.w.s.HttpSessionRequestCache        : matchingRequestParameterName is required for getMatchingRequest to lookup a value, but not provided
2025-03-22T22:12:37.089+03:30 TRACE 4292 --- [benjfa-oauth-service] [http-nio-9000-exec-1]   o.s.security.web.FilterChainProxy        : Invoking SecurityContextHolderAwareRequestFilter (14/20)
2025-03-22T22:12:37.090+03:30 TRACE 4292 --- [benjfa-oauth-service] [http-nio-9000-exec-1]   o.s.security.web.FilterChainProxy        : Invoking AnonymousAuthenticationFilter (15/20)
2025-03-22T22:12:37.091+03:30 TRACE 4292 --- [benjfa-oauth-service] [http-nio-9000-exec-1]   o.s.security.web.FilterChainProxy        : Invoking ExceptionTranslationFilter (16/20)
2025-03-22T22:12:37.093+03:30 TRACE 4292 --- [benjfa-oauth-service] [http-nio-9000-exec-1]   o.s.security.web.FilterChainProxy        : Invoking OAuth2TokenEndpointFilter (17/20)
2025-03-22T22:12:37.096+03:30 TRACE 4292 --- [benjfa-oauth-service] [http-nio-9000-exec-1]   o.s.security.web.FilterChainProxy        : Invoking OAuth2TokenIntrospectionEndpointFilter (18/20)
2025-03-22T22:12:37.097+03:30 TRACE 4292 --- [benjfa-oauth-service] [http-nio-9000-exec-1]   o.s.security.web.FilterChainProxy        : Invoking OAuth2TokenRevocationEndpointFilter (19/20)
2025-03-22T22:12:37.098+03:30 TRACE 4292 --- [benjfa-oauth-service] [http-nio-9000-exec-1]   o.s.security.web.FilterChainProxy        : Invoking OAuth2DeviceAuthorizationEndpointFilter (20/20)
2025-03-22T22:12:37.102+03:30 DEBUG 4292 --- [benjfa-oauth-service] [http-nio-9000-exec-1]   o.s.security.web.FilterChainProxy        : Secured GET /error
2025-03-22T22:12:37.282+03:30 TRACE 4292 --- [benjfa-oauth-service] [http-nio-9000-exec-1]   w.c.HttpSessionSecurityContextRepository : No HttpSession currently exists
2025-03-22T22:12:37.283+03:30 TRACE 4292 --- [benjfa-oauth-service] [http-nio-9000-exec-1]   .s.s.w.c.SupplierDeferredSecurityContext : Created SecurityContextImpl [Null authentication]
2025-03-22T22:12:37.284+03:30 TRACE 4292 --- [benjfa-oauth-service] [http-nio-9000-exec-1]   .s.s.w.c.SupplierDeferredSecurityContext : Created SecurityContextImpl [Null authentication]
2025-03-22T22:12:37.285+03:30 TRACE 4292 --- [benjfa-oauth-service] [http-nio-9000-exec-1]   o.s.s.w.a.AnonymousAuthenticationFilter  : Set SecurityContextHolder to AnonymousAuthenticationToken [Principal=anonymousUser, Credentials=[PROTECTED], Authenticated=true, Details=WebAuthenticationDetails [RemoteIpAddress=127.0.0.1, SessionId=null], Granted Authorities=[ROLE_ANONYMOUS]]
2025-03-22T22:12:37.318+03:30 TRACE 4292 --- [benjfa-oauth-service] [http-nio-9000-exec-2]   o.s.security.web.FilterChainProxy        : Trying to match request against DefaultSecurityFilterChain defined as 'securityFilterChain' in [class path resource [ir/benji/benjfa_oauth_service/config/AuthorizationServerConfig.class]] matching [any request] and having filters [DisableEncodeUrl, WebAsyncManagerIntegration, SecurityContextHolder, AuthorizationServerContext, HeaderWriter, Csrf, Logout, OAuth2AuthorizationServerMetadataEndpoint, OAuth2AuthorizationEndpoint, OAuth2DeviceVerificationEndpoint, NimbusJwkSetEndpoint, OAuth2ClientAuthentication, RequestCacheAware, SecurityContextHolderAwareRequest, AnonymousAuthentication, ExceptionTranslation, OAuth2TokenEndpoint, OAuth2TokenIntrospectionEndpoint, OAuth2TokenRevocationEndpoint, OAuth2DeviceAuthorizationEndpoint] (1/1)
2025-03-22T22:12:37.320+03:30 DEBUG 4292 --- [benjfa-oauth-service] [http-nio-9000-exec-2]   o.s.security.web.FilterChainProxy        : Securing GET /.well-known/openid-configuration
2025-03-22T22:12:37.321+03:30 TRACE 4292 --- [benjfa-oauth-service] [http-nio-9000-exec-2]   o.s.security.web.FilterChainProxy        : Invoking DisableEncodeUrlFilter (1/20)
2025-03-22T22:12:37.321+03:30 TRACE 4292 --- [benjfa-oauth-service] [http-nio-9000-exec-2]   o.s.security.web.FilterChainProxy        : Invoking WebAsyncManagerIntegrationFilter (2/20)
2025-03-22T22:12:37.322+03:30 TRACE 4292 --- [benjfa-oauth-service] [http-nio-9000-exec-2]   o.s.security.web.FilterChainProxy        : Invoking SecurityContextHolderFilter (3/20)
2025-03-22T22:12:37.323+03:30 TRACE 4292 --- [benjfa-oauth-service] [http-nio-9000-exec-2]   o.s.security.web.FilterChainProxy        : Invoking AuthorizationServerContextFilter (4/20)
2025-03-22T22:12:37.325+03:30 TRACE 4292 --- [benjfa-oauth-service] [http-nio-9000-exec-2]   o.s.security.web.FilterChainProxy        : Invoking HeaderWriterFilter (5/20)
2025-03-22T22:12:37.326+03:30 TRACE 4292 --- [benjfa-oauth-service] [http-nio-9000-exec-2]   o.s.security.web.FilterChainProxy        : Invoking CsrfFilter (6/20)
2025-03-22T22:12:37.327+03:30 TRACE 4292 --- [benjfa-oauth-service] [http-nio-9000-exec-2]   o.s.security.web.csrf.CsrfFilter         : Did not protect against CSRF since request did not match And [CsrfNotRequired [TRACE, HEAD, GET, OPTIONS], Not [Or [Or [Or [Ant [pattern='/oauth2/token', POST], Ant [pattern='/oauth2/introspect', POST], Ant [pattern='/oauth2/revoke', POST], Ant [pattern='/oauth2/device_authorization', POST]], Ant [pattern='/.well-known/oauth-authorization-server', GET], Or [Ant [pattern='/oauth2/authorize', GET], Ant [pattern='/oauth2/authorize', POST]], Ant [pattern='/oauth2/token', POST], Ant [pattern='/oauth2/introspect', POST], Ant [pattern='/oauth2/revoke', POST], Ant [pattern='/oauth2/device_authorization', POST], Or [Ant [pattern='/oauth2/device_verification', GET], Ant [pattern='/oauth2/device_verification', POST]], Ant [pattern='/oauth2/jwks', GET]]]]]
2025-03-22T22:12:37.329+03:30 TRACE 4292 --- [benjfa-oauth-service] [http-nio-9000-exec-2]   o.s.security.web.FilterChainProxy        : Invoking LogoutFilter (7/20)
2025-03-22T22:12:37.330+03:30 TRACE 4292 --- [benjfa-oauth-service] [http-nio-9000-exec-2]   o.s.s.w.a.logout.LogoutFilter            : Did not match request to Ant [pattern='/logout', POST]
2025-03-22T22:12:37.330+03:30 TRACE 4292 --- [benjfa-oauth-service] [http-nio-9000-exec-2]   o.s.security.web.FilterChainProxy        : Invoking OAuth2AuthorizationServerMetadataEndpointFilter (8/20)
2025-03-22T22:12:37.333+03:30 TRACE 4292 --- [benjfa-oauth-service] [http-nio-9000-exec-2]   o.s.security.web.FilterChainProxy        : Invoking OAuth2AuthorizationEndpointFilter (9/20)
2025-03-22T22:12:37.337+03:30 TRACE 4292 --- [benjfa-oauth-service] [http-nio-9000-exec-2]   o.s.security.web.FilterChainProxy        : Invoking OAuth2DeviceVerificationEndpointFilter (10/20)
2025-03-22T22:12:37.338+03:30 TRACE 4292 --- [benjfa-oauth-service] [http-nio-9000-exec-2]   o.s.security.web.FilterChainProxy        : Invoking NimbusJwkSetEndpointFilter (11/20)
2025-03-22T22:12:37.341+03:30 TRACE 4292 --- [benjfa-oauth-service] [http-nio-9000-exec-2]   o.s.security.web.FilterChainProxy        : Invoking OAuth2ClientAuthenticationFilter (12/20)
2025-03-22T22:12:37.345+03:30 TRACE 4292 --- [benjfa-oauth-service] [http-nio-9000-exec-2]   o.s.security.web.FilterChainProxy        : Invoking RequestCacheAwareFilter (13/20)
2025-03-22T22:12:37.348+03:30 TRACE 4292 --- [benjfa-oauth-service] [http-nio-9000-exec-2]   o.s.s.w.s.HttpSessionRequestCache        : matchingRequestParameterName is required for getMatchingRequest to lookup a value, but not provided
2025-03-22T22:12:37.349+03:30 TRACE 4292 --- [benjfa-oauth-service] [http-nio-9000-exec-2]   o.s.security.web.FilterChainProxy        : Invoking SecurityContextHolderAwareRequestFilter (14/20)
2025-03-22T22:12:37.351+03:30 TRACE 4292 --- [benjfa-oauth-service] [http-nio-9000-exec-2]   o.s.security.web.FilterChainProxy        : Invoking AnonymousAuthenticationFilter (15/20)
2025-03-22T22:12:37.354+03:30 TRACE 4292 --- [benjfa-oauth-service] [http-nio-9000-exec-2]   o.s.security.web.FilterChainProxy        : Invoking ExceptionTranslationFilter (16/20)
2025-03-22T22:12:37.355+03:30 TRACE 4292 --- [benjfa-oauth-service] [http-nio-9000-exec-2]   o.s.security.web.FilterChainProxy        : Invoking OAuth2TokenEndpointFilter (17/20)
2025-03-22T22:12:37.365+03:30 TRACE 4292 --- [benjfa-oauth-service] [http-nio-9000-exec-2]   o.s.security.web.FilterChainProxy        : Invoking OAuth2TokenIntrospectionEndpointFilter (18/20)
2025-03-22T22:12:37.367+03:30 TRACE 4292 --- [benjfa-oauth-service] [http-nio-9000-exec-2]   o.s.security.web.FilterChainProxy        : Invoking OAuth2TokenRevocationEndpointFilter (19/20)
2025-03-22T22:12:37.371+03:30 TRACE 4292 --- [benjfa-oauth-service] [http-nio-9000-exec-2]   o.s.security.web.FilterChainProxy        : Invoking OAuth2DeviceAuthorizationEndpointFilter (20/20)
2025-03-22T22:12:37.372+03:30 DEBUG 4292 --- [benjfa-oauth-service] [http-nio-9000-exec-2]   o.s.security.web.FilterChainProxy        : Secured GET /.well-known/openid-configuration
2025-03-22T22:12:37.387+03:30 TRACE 4292 --- [benjfa-oauth-service] [http-nio-9000-exec-2]   o.s.s.w.header.writers.HstsHeaderWriter  : Not injecting HSTS header since it did not match request to [Is Secure]
2025-03-22T22:12:37.388+03:30 TRACE 4292 --- [benjfa-oauth-service] [http-nio-9000-exec-2]   w.c.HttpSessionSecurityContextRepository : No HttpSession currently exists
2025-03-22T22:12:37.388+03:30 TRACE 4292 --- [benjfa-oauth-service] [http-nio-9000-exec-2]   .s.s.w.c.SupplierDeferredSecurityContext : Created SecurityContextImpl [Null authentication]
2025-03-22T22:12:37.389+03:30 TRACE 4292 --- [benjfa-oauth-service] [http-nio-9000-exec-2]   .s.s.w.c.SupplierDeferredSecurityContext : Created SecurityContextImpl [Null authentication]
2025-03-22T22:12:37.393+03:30 TRACE 4292 --- [benjfa-oauth-service] [http-nio-9000-exec-2]   o.s.s.w.a.AnonymousAuthenticationFilter  : Set SecurityContextHolder to AnonymousAuthenticationToken [Principal=anonymousUser, Credentials=[PROTECTED], Authenticated=true, Details=WebAuthenticationDetails [RemoteIpAddress=127.0.0.1, SessionId=null], Granted Authorities=[ROLE_ANONYMOUS]]
2025-03-22T22:12:37.401+03:30 TRACE 4292 --- [benjfa-oauth-service] [http-nio-9000-exec-2]   o.s.security.web.FilterChainProxy        : Trying to match request against DefaultSecurityFilterChain defined as 'securityFilterChain' in [class path resource [ir/benji/benjfa_oauth_service/config/AuthorizationServerConfig.class]] matching [any request] and having filters [DisableEncodeUrl, WebAsyncManagerIntegration, SecurityContextHolder, AuthorizationServerContext, HeaderWriter, Csrf, Logout, OAuth2AuthorizationServerMetadataEndpoint, OAuth2AuthorizationEndpoint, OAuth2DeviceVerificationEndpoint, NimbusJwkSetEndpoint, OAuth2ClientAuthentication, RequestCacheAware, SecurityContextHolderAwareRequest, AnonymousAuthentication, ExceptionTranslation, OAuth2TokenEndpoint, OAuth2TokenIntrospectionEndpoint, OAuth2TokenRevocationEndpoint, OAuth2DeviceAuthorizationEndpoint] (1/1)
2025-03-22T22:12:37.403+03:30 DEBUG 4292 --- [benjfa-oauth-service] [http-nio-9000-exec-2]   o.s.security.web.FilterChainProxy        : Securing GET /error
2025-03-22T22:12:37.403+03:30 TRACE 4292 --- [benjfa-oauth-service] [http-nio-9000-exec-2]   o.s.security.web.FilterChainProxy        : Invoking DisableEncodeUrlFilter (1/20)
2025-03-22T22:12:37.404+03:30 TRACE 4292 --- [benjfa-oauth-service] [http-nio-9000-exec-2]   o.s.security.web.FilterChainProxy        : Invoking WebAsyncManagerIntegrationFilter (2/20)
2025-03-22T22:12:37.405+03:30 TRACE 4292 --- [benjfa-oauth-service] [http-nio-9000-exec-2]   o.s.security.web.FilterChainProxy        : Invoking SecurityContextHolderFilter (3/20)
2025-03-22T22:12:37.407+03:30 TRACE 4292 --- [benjfa-oauth-service] [http-nio-9000-exec-2]   o.s.security.web.FilterChainProxy        : Invoking AuthorizationServerContextFilter (4/20)
2025-03-22T22:12:37.408+03:30 TRACE 4292 --- [benjfa-oauth-service] [http-nio-9000-exec-2]   o.s.security.web.FilterChainProxy        : Invoking HeaderWriterFilter (5/20)
2025-03-22T22:12:37.409+03:30 TRACE 4292 --- [benjfa-oauth-service] [http-nio-9000-exec-2]   o.s.security.web.FilterChainProxy        : Invoking CsrfFilter (6/20)
2025-03-22T22:12:37.410+03:30 TRACE 4292 --- [benjfa-oauth-service] [http-nio-9000-exec-2]   o.s.security.web.FilterChainProxy        : Invoking LogoutFilter (7/20)
2025-03-22T22:12:37.414+03:30 TRACE 4292 --- [benjfa-oauth-service] [http-nio-9000-exec-2]   o.s.s.w.a.logout.LogoutFilter            : Did not match request to Ant [pattern='/logout', POST]
2025-03-22T22:12:37.414+03:30 TRACE 4292 --- [benjfa-oauth-service] [http-nio-9000-exec-2]   o.s.security.web.FilterChainProxy        : Invoking OAuth2AuthorizationServerMetadataEndpointFilter (8/20)
2025-03-22T22:12:37.415+03:30 TRACE 4292 --- [benjfa-oauth-service] [http-nio-9000-exec-2]   o.s.security.web.FilterChainProxy        : Invoking OAuth2AuthorizationEndpointFilter (9/20)
2025-03-22T22:12:37.416+03:30 TRACE 4292 --- [benjfa-oauth-service] [http-nio-9000-exec-2]   o.s.security.web.FilterChainProxy        : Invoking OAuth2DeviceVerificationEndpointFilter (10/20)
2025-03-22T22:12:37.417+03:30 TRACE 4292 --- [benjfa-oauth-service] [http-nio-9000-exec-2]   o.s.security.web.FilterChainProxy        : Invoking NimbusJwkSetEndpointFilter (11/20)
2025-03-22T22:12:37.418+03:30 TRACE 4292 --- [benjfa-oauth-service] [http-nio-9000-exec-2]   o.s.security.web.FilterChainProxy        : Invoking OAuth2ClientAuthenticationFilter (12/20)
2025-03-22T22:12:37.420+03:30 TRACE 4292 --- [benjfa-oauth-service] [http-nio-9000-exec-2]   o.s.security.web.FilterChainProxy        : Invoking RequestCacheAwareFilter (13/20)
2025-03-22T22:12:37.421+03:30 TRACE 4292 --- [benjfa-oauth-service] [http-nio-9000-exec-2]   o.s.s.w.s.HttpSessionRequestCache        : matchingRequestParameterName is required for getMatchingRequest to lookup a value, but not provided
2025-03-22T22:12:37.421+03:30 TRACE 4292 --- [benjfa-oauth-service] [http-nio-9000-exec-2]   o.s.security.web.FilterChainProxy        : Invoking SecurityContextHolderAwareRequestFilter (14/20)
2025-03-22T22:12:37.422+03:30 TRACE 4292 --- [benjfa-oauth-service] [http-nio-9000-exec-2]   o.s.security.web.FilterChainProxy        : Invoking AnonymousAuthenticationFilter (15/20)
2025-03-22T22:12:37.423+03:30 TRACE 4292 --- [benjfa-oauth-service] [http-nio-9000-exec-2]   o.s.security.web.FilterChainProxy        : Invoking ExceptionTranslationFilter (16/20)
2025-03-22T22:12:37.432+03:30 TRACE 4292 --- [benjfa-oauth-service] [http-nio-9000-exec-2]   o.s.security.web.FilterChainProxy        : Invoking OAuth2TokenEndpointFilter (17/20)
2025-03-22T22:12:37.434+03:30 TRACE 4292 --- [benjfa-oauth-service] [http-nio-9000-exec-2]   o.s.security.web.FilterChainProxy        : Invoking OAuth2TokenIntrospectionEndpointFilter (18/20)
2025-03-22T22:12:37.435+03:30 TRACE 4292 --- [benjfa-oauth-service] [http-nio-9000-exec-2]   o.s.security.web.FilterChainProxy        : Invoking OAuth2TokenRevocationEndpointFilter (19/20)
2025-03-22T22:12:37.449+03:30 TRACE 4292 --- [benjfa-oauth-service] [http-nio-9000-exec-2]   o.s.security.web.FilterChainProxy        : Invoking OAuth2DeviceAuthorizationEndpointFilter (20/20)
2025-03-22T22:12:37.453+03:30 DEBUG 4292 --- [benjfa-oauth-service] [http-nio-9000-exec-2]   o.s.security.web.FilterChainProxy        : Secured GET /error
2025-03-22T22:12:37.461+03:30 TRACE 4292 --- [benjfa-oauth-service] [http-nio-9000-exec-2]   w.c.HttpSessionSecurityContextRepository : No HttpSession currently exists
2025-03-22T22:12:37.463+03:30 TRACE 4292 --- [benjfa-oauth-service] [http-nio-9000-exec-2]   .s.s.w.c.SupplierDeferredSecurityContext : Created SecurityContextImpl [Null authentication]
2025-03-22T22:12:37.463+03:30 TRACE 4292 --- [benjfa-oauth-service] [http-nio-9000-exec-2]   .s.s.w.c.SupplierDeferredSecurityContext : Created SecurityContextImpl [Null authentication]
2025-03-22T22:12:37.464+03:30 TRACE 4292 --- [benjfa-oauth-service] [http-nio-9000-exec-2]   o.s.s.w.a.AnonymousAuthenticationFilter  : Set SecurityContextHolder to AnonymousAuthenticationToken [Principal=anonymousUser, Credentials=[PROTECTED], Authenticated=true, Details=WebAuthenticationDetails [RemoteIpAddress=127.0.0.1, SessionId=null], Granted Authorities=[ROLE_ANONYMOUS]]
2025-03-22T22:12:37.473+03:30 TRACE 4292 --- [benjfa-oauth-service] [http-nio-9000-exec-3]   o.s.security.web.FilterChainProxy        : Trying to match request against DefaultSecurityFilterChain defined as 'securityFilterChain' in [class path resource [ir/benji/benjfa_oauth_service/config/AuthorizationServerConfig.class]] matching [any request] and having filters [DisableEncodeUrl, WebAsyncManagerIntegration, SecurityContextHolder, AuthorizationServerContext, HeaderWriter, Csrf, Logout, OAuth2AuthorizationServerMetadataEndpoint, OAuth2AuthorizationEndpoint, OAuth2DeviceVerificationEndpoint, NimbusJwkSetEndpoint, OAuth2ClientAuthentication, RequestCacheAware, SecurityContextHolderAwareRequest, AnonymousAuthentication, ExceptionTranslation, OAuth2TokenEndpoint, OAuth2TokenIntrospectionEndpoint, OAuth2TokenRevocationEndpoint, OAuth2DeviceAuthorizationEndpoint] (1/1)
2025-03-22T22:12:37.479+03:30 DEBUG 4292 --- [benjfa-oauth-service] [http-nio-9000-exec-3]   o.s.security.web.FilterChainProxy        : Securing GET /.well-known/oauth-authorization-server
2025-03-22T22:12:37.481+03:30 TRACE 4292 --- [benjfa-oauth-service] [http-nio-9000-exec-3]   o.s.security.web.FilterChainProxy        : Invoking DisableEncodeUrlFilter (1/20)
2025-03-22T22:12:37.482+03:30 TRACE 4292 --- [benjfa-oauth-service] [http-nio-9000-exec-3]   o.s.security.web.FilterChainProxy        : Invoking WebAsyncManagerIntegrationFilter (2/20)
2025-03-22T22:12:37.483+03:30 TRACE 4292 --- [benjfa-oauth-service] [http-nio-9000-exec-3]   o.s.security.web.FilterChainProxy        : Invoking SecurityContextHolderFilter (3/20)
2025-03-22T22:12:37.484+03:30 TRACE 4292 --- [benjfa-oauth-service] [http-nio-9000-exec-3]   o.s.security.web.FilterChainProxy        : Invoking AuthorizationServerContextFilter (4/20)
2025-03-22T22:12:37.485+03:30 TRACE 4292 --- [benjfa-oauth-service] [http-nio-9000-exec-3]   o.s.security.web.FilterChainProxy        : Invoking HeaderWriterFilter (5/20)
2025-03-22T22:12:37.485+03:30 TRACE 4292 --- [benjfa-oauth-service] [http-nio-9000-exec-3]   o.s.security.web.FilterChainProxy        : Invoking CsrfFilter (6/20)
2025-03-22T22:12:37.486+03:30 TRACE 4292 --- [benjfa-oauth-service] [http-nio-9000-exec-3]   o.s.security.web.csrf.CsrfFilter         : Did not protect against CSRF since request did not match And [CsrfNotRequired [TRACE, HEAD, GET, OPTIONS], Not [Or [Or [Or [Ant [pattern='/oauth2/token', POST], Ant [pattern='/oauth2/introspect', POST], Ant [pattern='/oauth2/revoke', POST], Ant [pattern='/oauth2/device_authorization', POST]], Ant [pattern='/.well-known/oauth-authorization-server', GET], Or [Ant [pattern='/oauth2/authorize', GET], Ant [pattern='/oauth2/authorize', POST]], Ant [pattern='/oauth2/token', POST], Ant [pattern='/oauth2/introspect', POST], Ant [pattern='/oauth2/revoke', POST], Ant [pattern='/oauth2/device_authorization', POST], Or [Ant [pattern='/oauth2/device_verification', GET], Ant [pattern='/oauth2/device_verification', POST]], Ant [pattern='/oauth2/jwks', GET]]]]]
2025-03-22T22:12:37.489+03:30 TRACE 4292 --- [benjfa-oauth-service] [http-nio-9000-exec-3]   o.s.security.web.FilterChainProxy        : Invoking LogoutFilter (7/20)
2025-03-22T22:12:37.492+03:30 TRACE 4292 --- [benjfa-oauth-service] [http-nio-9000-exec-3]   o.s.s.w.a.logout.LogoutFilter            : Did not match request to Ant [pattern='/logout', POST]
2025-03-22T22:12:37.493+03:30 TRACE 4292 --- [benjfa-oauth-service] [http-nio-9000-exec-3]   o.s.security.web.FilterChainProxy        : Invoking OAuth2AuthorizationServerMetadataEndpointFilter (8/20)
2025-03-22T22:12:37.505+03:30 TRACE 4292 --- [benjfa-oauth-service] [http-nio-9000-exec-3]   o.s.s.w.header.writers.HstsHeaderWriter  : Not injecting HSTS header since it did not match request to [Is Secure]
2025-03-22T22:12:37.603+03:30 TRACE 4292 --- [benjfa-oauth-service] [http-nio-9000-exec-4]   o.s.security.web.FilterChainProxy        : Trying to match request against DefaultSecurityFilterChain defined as 'securityFilterChain' in [class path resource [ir/benji/benjfa_oauth_service/config/AuthorizationServerConfig.class]] matching [any request] and having filters [DisableEncodeUrl, WebAsyncManagerIntegration, SecurityContextHolder, AuthorizationServerContext, HeaderWriter, Csrf, Logout, OAuth2AuthorizationServerMetadataEndpoint, OAuth2AuthorizationEndpoint, OAuth2DeviceVerificationEndpoint, NimbusJwkSetEndpoint, OAuth2ClientAuthentication, RequestCacheAware, SecurityContextHolderAwareRequest, AnonymousAuthentication, ExceptionTranslation, OAuth2TokenEndpoint, OAuth2TokenIntrospectionEndpoint, OAuth2TokenRevocationEndpoint, OAuth2DeviceAuthorizationEndpoint] (1/1)
2025-03-22T22:12:37.604+03:30 DEBUG 4292 --- [benjfa-oauth-service] [http-nio-9000-exec-4]   o.s.security.web.FilterChainProxy        : Securing GET /oauth2/jwks
2025-03-22T22:12:37.605+03:30 TRACE 4292 --- [benjfa-oauth-service] [http-nio-9000-exec-4]   o.s.security.web.FilterChainProxy        : Invoking DisableEncodeUrlFilter (1/20)
2025-03-22T22:12:37.605+03:30 TRACE 4292 --- [benjfa-oauth-service] [http-nio-9000-exec-4]   o.s.security.web.FilterChainProxy        : Invoking WebAsyncManagerIntegrationFilter (2/20)
2025-03-22T22:12:37.606+03:30 TRACE 4292 --- [benjfa-oauth-service] [http-nio-9000-exec-4]   o.s.security.web.FilterChainProxy        : Invoking SecurityContextHolderFilter (3/20)
2025-03-22T22:12:37.606+03:30 TRACE 4292 --- [benjfa-oauth-service] [http-nio-9000-exec-4]   o.s.security.web.FilterChainProxy        : Invoking AuthorizationServerContextFilter (4/20)
2025-03-22T22:12:37.607+03:30 TRACE 4292 --- [benjfa-oauth-service] [http-nio-9000-exec-4]   o.s.security.web.FilterChainProxy        : Invoking HeaderWriterFilter (5/20)
2025-03-22T22:12:37.608+03:30 TRACE 4292 --- [benjfa-oauth-service] [http-nio-9000-exec-4]   o.s.security.web.FilterChainProxy        : Invoking CsrfFilter (6/20)
2025-03-22T22:12:37.608+03:30 TRACE 4292 --- [benjfa-oauth-service] [http-nio-9000-exec-4]   o.s.security.web.csrf.CsrfFilter         : Did not protect against CSRF since request did not match And [CsrfNotRequired [TRACE, HEAD, GET, OPTIONS], Not [Or [Or [Or [Ant [pattern='/oauth2/token', POST], Ant [pattern='/oauth2/introspect', POST], Ant [pattern='/oauth2/revoke', POST], Ant [pattern='/oauth2/device_authorization', POST]], Ant [pattern='/.well-known/oauth-authorization-server', GET], Or [Ant [pattern='/oauth2/authorize', GET], Ant [pattern='/oauth2/authorize', POST]], Ant [pattern='/oauth2/token', POST], Ant [pattern='/oauth2/introspect', POST], Ant [pattern='/oauth2/revoke', POST], Ant [pattern='/oauth2/device_authorization', POST], Or [Ant [pattern='/oauth2/device_verification', GET], Ant [pattern='/oauth2/device_verification', POST]], Ant [pattern='/oauth2/jwks', GET]]]]]
2025-03-22T22:12:37.609+03:30 TRACE 4292 --- [benjfa-oauth-service] [http-nio-9000-exec-4]   o.s.security.web.FilterChainProxy        : Invoking LogoutFilter (7/20)
2025-03-22T22:12:37.610+03:30 TRACE 4292 --- [benjfa-oauth-service] [http-nio-9000-exec-4]   o.s.s.w.a.logout.LogoutFilter            : Did not match request to Ant [pattern='/logout', POST]
2025-03-22T22:12:37.611+03:30 TRACE 4292 --- [benjfa-oauth-service] [http-nio-9000-exec-4]   o.s.security.web.FilterChainProxy        : Invoking OAuth2AuthorizationServerMetadataEndpointFilter (8/20)
2025-03-22T22:12:37.611+03:30 TRACE 4292 --- [benjfa-oauth-service] [http-nio-9000-exec-4]   o.s.security.web.FilterChainProxy        : Invoking OAuth2AuthorizationEndpointFilter (9/20)
2025-03-22T22:12:37.612+03:30 TRACE 4292 --- [benjfa-oauth-service] [http-nio-9000-exec-4]   o.s.security.web.FilterChainProxy        : Invoking OAuth2DeviceVerificationEndpointFilter (10/20)
2025-03-22T22:12:37.612+03:30 TRACE 4292 --- [benjfa-oauth-service] [http-nio-9000-exec-4]   o.s.security.web.FilterChainProxy        : Invoking NimbusJwkSetEndpointFilter (11/20)
2025-03-22T22:12:37.680+03:30 TRACE 4292 --- [benjfa-oauth-service] [http-nio-9000-exec-4]   o.s.s.w.header.writers.HstsHeaderWriter  : Not injecting HSTS header since it did not match request to [Is Secure]
